/Applications/Xcode.app/Contents/Developer/usr/bin/make -C .. all
echo REPOINFO "  main/repoinfo.h";./misc/gen-repoinfo main/repoinfo.h
/Applications/Xcode.app/Contents/Developer/usr/bin/make  all-am
echo "  CC      " main/libctags_a-parse.o;gcc -DHAVE_CONFIG_H -I.  -I. -I. -I./main -I./peg -DHAVE_PACKCC  -DUSE_SYSTEM_STRNLEN   -DHAVE_REPOINFO_H  -std=gnu99 -Wall    -I/usr/local/Cellar/jansson/2.13.1/include -I/usr/local/Cellar/libyaml/0.2.5/include  -g -O2 -MT main/libctags_a-parse.o -MD -MP -MF main/.deps/libctags_a-parse.Tpo -c -o main/libctags_a-parse.o `test -f 'main/parse.c' || echo './'`main/parse.c
mv -f main/.deps/libctags_a-parse.Tpo main/.deps/libctags_a-parse.Po
echo "  CC      " main/libctags_a-portable-scandir.o;gcc -DHAVE_CONFIG_H -I.  -I. -I. -I./main -I./peg -DHAVE_PACKCC  -DUSE_SYSTEM_STRNLEN   -DHAVE_REPOINFO_H  -std=gnu99 -Wall    -I/usr/local/Cellar/jansson/2.13.1/include -I/usr/local/Cellar/libyaml/0.2.5/include  -g -O2 -MT main/libctags_a-portable-scandir.o -MD -MP -MF main/.deps/libctags_a-portable-scandir.Tpo -c -o main/libctags_a-portable-scandir.o `test -f 'main/portable-scandir.c' || echo './'`main/portable-scandir.c
mv -f main/.deps/libctags_a-portable-scandir.Tpo main/.deps/libctags_a-portable-scandir.Po
echo "  CC      " main/libctags_a-promise.o;gcc -DHAVE_CONFIG_H -I.  -I. -I. -I./main -I./peg -DHAVE_PACKCC  -DUSE_SYSTEM_STRNLEN   -DHAVE_REPOINFO_H  -std=gnu99 -Wall    -I/usr/local/Cellar/jansson/2.13.1/include -I/usr/local/Cellar/libyaml/0.2.5/include  -g -O2 -MT main/libctags_a-promise.o -MD -MP -MF main/.deps/libctags_a-promise.Tpo -c -o main/libctags_a-promise.o `test -f 'main/promise.c' || echo './'`main/promise.c
mv -f main/.deps/libctags_a-promise.Tpo main/.deps/libctags_a-promise.Po
echo "  CC      " main/libctags_a-ptag.o;gcc -DHAVE_CONFIG_H -I.  -I. -I. -I./main -I./peg -DHAVE_PACKCC  -DUSE_SYSTEM_STRNLEN   -DHAVE_REPOINFO_H  -std=gnu99 -Wall    -I/usr/local/Cellar/jansson/2.13.1/include -I/usr/local/Cellar/libyaml/0.2.5/include  -g -O2 -MT main/libctags_a-ptag.o -MD -MP -MF main/.deps/libctags_a-ptag.Tpo -c -o main/libctags_a-ptag.o `test -f 'main/ptag.c' || echo './'`main/ptag.c
mv -f main/.deps/libctags_a-ptag.Tpo main/.deps/libctags_a-ptag.Po
echo "  CC      " main/libctags_a-ptrarray.o;gcc -DHAVE_CONFIG_H -I.  -I. -I. -I./main -I./peg -DHAVE_PACKCC  -DUSE_SYSTEM_STRNLEN   -DHAVE_REPOINFO_H  -std=gnu99 -Wall    -I/usr/local/Cellar/jansson/2.13.1/include -I/usr/local/Cellar/libyaml/0.2.5/include  -g -O2 -MT main/libctags_a-ptrarray.o -MD -MP -MF main/.deps/libctags_a-ptrarray.Tpo -c -o main/libctags_a-ptrarray.o `test -f 'main/ptrarray.c' || echo './'`main/ptrarray.c
mv -f main/.deps/libctags_a-ptrarray.Tpo main/.deps/libctags_a-ptrarray.Po
echo "  CC      " main/libctags_a-rbtree.o;gcc -DHAVE_CONFIG_H -I.  -I. -I. -I./main -I./peg -DHAVE_PACKCC  -DUSE_SYSTEM_STRNLEN   -DHAVE_REPOINFO_H  -std=gnu99 -Wall    -I/usr/local/Cellar/jansson/2.13.1/include -I/usr/local/Cellar/libyaml/0.2.5/include  -g -O2 -MT main/libctags_a-rbtree.o -MD -MP -MF main/.deps/libctags_a-rbtree.Tpo -c -o main/libctags_a-rbtree.o `test -f 'main/rbtree.c' || echo './'`main/rbtree.c
mv -f main/.deps/libctags_a-rbtree.Tpo main/.deps/libctags_a-rbtree.Po
echo "  CC      " main/libctags_a-read.o;gcc -DHAVE_CONFIG_H -I.  -I. -I. -I./main -I./peg -DHAVE_PACKCC  -DUSE_SYSTEM_STRNLEN   -DHAVE_REPOINFO_H  -std=gnu99 -Wall    -I/usr/local/Cellar/jansson/2.13.1/include -I/usr/local/Cellar/libyaml/0.2.5/include  -g -O2 -MT main/libctags_a-read.o -MD -MP -MF main/.deps/libctags_a-read.Tpo -c -o main/libctags_a-read.o `test -f 'main/read.c' || echo './'`main/read.c
mv -f main/.deps/libctags_a-read.Tpo main/.deps/libctags_a-read.Po
echo "  CC      " main/libctags_a-routines.o;gcc -DHAVE_CONFIG_H -I.  -I. -I. -I./main -I./peg -DHAVE_PACKCC  -DUSE_SYSTEM_STRNLEN   -DHAVE_REPOINFO_H  -std=gnu99 -Wall    -I/usr/local/Cellar/jansson/2.13.1/include -I/usr/local/Cellar/libyaml/0.2.5/include  -g -O2 -MT main/libctags_a-routines.o -MD -MP -MF main/.deps/libctags_a-routines.Tpo -c -o main/libctags_a-routines.o `test -f 'main/routines.c' || echo './'`main/routines.c
mv -f main/.deps/libctags_a-routines.Tpo main/.deps/libctags_a-routines.Po
echo "  CC      " main/libctags_a-seccomp.o;gcc -DHAVE_CONFIG_H -I.  -I. -I. -I./main -I./peg -DHAVE_PACKCC  -DUSE_SYSTEM_STRNLEN   -DHAVE_REPOINFO_H  -std=gnu99 -Wall    -I/usr/local/Cellar/jansson/2.13.1/include -I/usr/local/Cellar/libyaml/0.2.5/include  -g -O2 -MT main/libctags_a-seccomp.o -MD -MP -MF main/.deps/libctags_a-seccomp.Tpo -c -o main/libctags_a-seccomp.o `test -f 'main/seccomp.c' || echo './'`main/seccomp.c
mv -f main/.deps/libctags_a-seccomp.Tpo main/.deps/libctags_a-seccomp.Po
echo "  CC      " main/libctags_a-selectors.o;gcc -DHAVE_CONFIG_H -I.  -I. -I. -I./main -I./peg -DHAVE_PACKCC  -DUSE_SYSTEM_STRNLEN   -DHAVE_REPOINFO_H  -std=gnu99 -Wall    -I/usr/local/Cellar/jansson/2.13.1/include -I/usr/local/Cellar/libyaml/0.2.5/include  -g -O2 -MT main/libctags_a-selectors.o -MD -MP -MF main/.deps/libctags_a-selectors.Tpo -c -o main/libctags_a-selectors.o `test -f 'main/selectors.c' || echo './'`main/selectors.c
mv -f main/.deps/libctags_a-selectors.Tpo main/.deps/libctags_a-selectors.Po
echo "  CC      " main/libctags_a-sort.o;gcc -DHAVE_CONFIG_H -I.  -I. -I. -I./main -I./peg -DHAVE_PACKCC  -DUSE_SYSTEM_STRNLEN   -DHAVE_REPOINFO_H  -std=gnu99 -Wall    -I/usr/local/Cellar/jansson/2.13.1/include -I/usr/local/Cellar/libyaml/0.2.5/include  -g -O2 -MT main/libctags_a-sort.o -MD -MP -MF main/.deps/libctags_a-sort.Tpo -c -o main/libctags_a-sort.o `test -f 'main/sort.c' || echo './'`main/sort.c
mv -f main/.deps/libctags_a-sort.Tpo main/.deps/libctags_a-sort.Po
echo "  CC      " main/libctags_a-stats.o;gcc -DHAVE_CONFIG_H -I.  -I. -I. -I./main -I./peg -DHAVE_PACKCC  -DUSE_SYSTEM_STRNLEN   -DHAVE_REPOINFO_H  -std=gnu99 -Wall    -I/usr/local/Cellar/jansson/2.13.1/include -I/usr/local/Cellar/libyaml/0.2.5/include  -g -O2 -MT main/libctags_a-stats.o -MD -MP -MF main/.deps/libctags_a-stats.Tpo -c -o main/libctags_a-stats.o `test -f 'main/stats.c' || echo './'`main/stats.c
mv -f main/.deps/libctags_a-stats.Tpo main/.deps/libctags_a-stats.Po
echo "  CC      " main/libctags_a-strlist.o;gcc -DHAVE_CONFIG_H -I.  -I. -I. -I./main -I./peg -DHAVE_PACKCC  -DUSE_SYSTEM_STRNLEN   -DHAVE_REPOINFO_H  -std=gnu99 -Wall    -I/usr/local/Cellar/jansson/2.13.1/include -I/usr/local/Cellar/libyaml/0.2.5/include  -g -O2 -MT main/libctags_a-strlist.o -MD -MP -MF main/.deps/libctags_a-strlist.Tpo -c -o main/libctags_a-strlist.o `test -f 'main/strlist.c' || echo './'`main/strlist.c
mv -f main/.deps/libctags_a-strlist.Tpo main/.deps/libctags_a-strlist.Po
echo "  CC      " main/libctags_a-trace.o;gcc -DHAVE_CONFIG_H -I.  -I. -I. -I./main -I./peg -DHAVE_PACKCC  -DUSE_SYSTEM_STRNLEN   -DHAVE_REPOINFO_H  -std=gnu99 -Wall    -I/usr/local/Cellar/jansson/2.13.1/include -I/usr/local/Cellar/libyaml/0.2.5/include  -g -O2 -MT main/libctags_a-trace.o -MD -MP -MF main/.deps/libctags_a-trace.Tpo -c -o main/libctags_a-trace.o `test -f 'main/trace.c' || echo './'`main/trace.c
mv -f main/.deps/libctags_a-trace.Tpo main/.deps/libctags_a-trace.Po
echo "  CC      " main/libctags_a-trashbox.o;gcc -DHAVE_CONFIG_H -I.  -I. -I. -I./main -I./peg -DHAVE_PACKCC  -DUSE_SYSTEM_STRNLEN   -DHAVE_REPOINFO_H  -std=gnu99 -Wall    -I/usr/local/Cellar/jansson/2.13.1/include -I/usr/local/Cellar/libyaml/0.2.5/include  -g -O2 -MT main/libctags_a-trashbox.o -MD -MP -MF main/.deps/libctags_a-trashbox.Tpo -c -o main/libctags_a-trashbox.o `test -f 'main/trashbox.c' || echo './'`main/trashbox.c
mv -f main/.deps/libctags_a-trashbox.Tpo main/.deps/libctags_a-trashbox.Po
echo "  CC      " main/libctags_a-tokeninfo.o;gcc -DHAVE_CONFIG_H -I.  -I. -I. -I./main -I./peg -DHAVE_PACKCC  -DUSE_SYSTEM_STRNLEN   -DHAVE_REPOINFO_H  -std=gnu99 -Wall    -I/usr/local/Cellar/jansson/2.13.1/include -I/usr/local/Cellar/libyaml/0.2.5/include  -g -O2 -MT main/libctags_a-tokeninfo.o -MD -MP -MF main/.deps/libctags_a-tokeninfo.Tpo -c -o main/libctags_a-tokeninfo.o `test -f 'main/tokeninfo.c' || echo './'`main/tokeninfo.c
mv -f main/.deps/libctags_a-tokeninfo.Tpo main/.deps/libctags_a-tokeninfo.Po
echo "  CC      " main/libctags_a-unwindi.o;gcc -DHAVE_CONFIG_H -I.  -I. -I. -I./main -I./peg -DHAVE_PACKCC  -DUSE_SYSTEM_STRNLEN   -DHAVE_REPOINFO_H  -std=gnu99 -Wall    -I/usr/local/Cellar/jansson/2.13.1/include -I/usr/local/Cellar/libyaml/0.2.5/include  -g -O2 -MT main/libctags_a-unwindi.o -MD -MP -MF main/.deps/libctags_a-unwindi.Tpo -c -o main/libctags_a-unwindi.o `test -f 'main/unwindi.c' || echo './'`main/unwindi.c
mv -f main/.deps/libctags_a-unwindi.Tpo main/.deps/libctags_a-unwindi.Po
echo "  CC      " main/libctags_a-vstring.o;gcc -DHAVE_CONFIG_H -I.  -I. -I. -I./main -I./peg -DHAVE_PACKCC  -DUSE_SYSTEM_STRNLEN   -DHAVE_REPOINFO_H  -std=gnu99 -Wall    -I/usr/local/Cellar/jansson/2.13.1/include -I/usr/local/Cellar/libyaml/0.2.5/include  -g -O2 -MT main/libctags_a-vstring.o -MD -MP -MF main/.deps/libctags_a-vstring.Tpo -c -o main/libctags_a-vstring.o `test -f 'main/vstring.c' || echo './'`main/vstring.c
mv -f main/.deps/libctags_a-vstring.Tpo main/.deps/libctags_a-vstring.Po
echo "  CC      " main/libctags_a-writer.o;gcc -DHAVE_CONFIG_H -I.  -I. -I. -I./main -I./peg -DHAVE_PACKCC  -DUSE_SYSTEM_STRNLEN   -DHAVE_REPOINFO_H  -std=gnu99 -Wall    -I/usr/local/Cellar/jansson/2.13.1/include -I/usr/local/Cellar/libyaml/0.2.5/include  -g -O2 -MT main/libctags_a-writer.o -MD -MP -MF main/.deps/libctags_a-writer.Tpo -c -o main/libctags_a-writer.o `test -f 'main/writer.c' || echo './'`main/writer.c
mv -f main/.deps/libctags_a-writer.Tpo main/.deps/libctags_a-writer.Po
echo "  CC      " main/libctags_a-writer-etags.o;gcc -DHAVE_CONFIG_H -I.  -I. -I. -I./main -I./peg -DHAVE_PACKCC  -DUSE_SYSTEM_STRNLEN   -DHAVE_REPOINFO_H  -std=gnu99 -Wall    -I/usr/local/Cellar/jansson/2.13.1/include -I/usr/local/Cellar/libyaml/0.2.5/include  -g -O2 -MT main/libctags_a-writer-etags.o -MD -MP -MF main/.deps/libctags_a-writer-etags.Tpo -c -o main/libctags_a-writer-etags.o `test -f 'main/writer-etags.c' || echo './'`main/writer-etags.c
mv -f main/.deps/libctags_a-writer-etags.Tpo main/.deps/libctags_a-writer-etags.Po
echo "  CC      " main/libctags_a-writer-ctags.o;gcc -DHAVE_CONFIG_H -I.  -I. -I. -I./main -I./peg -DHAVE_PACKCC  -DUSE_SYSTEM_STRNLEN   -DHAVE_REPOINFO_H  -std=gnu99 -Wall    -I/usr/local/Cellar/jansson/2.13.1/include -I/usr/local/Cellar/libyaml/0.2.5/include  -g -O2 -MT main/libctags_a-writer-ctags.o -MD -MP -MF main/.deps/libctags_a-writer-ctags.Tpo -c -o main/libctags_a-writer-ctags.o `test -f 'main/writer-ctags.c' || echo './'`main/writer-ctags.c
mv -f main/.deps/libctags_a-writer-ctags.Tpo main/.deps/libctags_a-writer-ctags.Po
echo "  CC      " main/libctags_a-writer-json.o;gcc -DHAVE_CONFIG_H -I.  -I. -I. -I./main -I./peg -DHAVE_PACKCC  -DUSE_SYSTEM_STRNLEN   -DHAVE_REPOINFO_H  -std=gnu99 -Wall    -I/usr/local/Cellar/jansson/2.13.1/include -I/usr/local/Cellar/libyaml/0.2.5/include  -g -O2 -MT main/libctags_a-writer-json.o -MD -MP -MF main/.deps/libctags_a-writer-json.Tpo -c -o main/libctags_a-writer-json.o `test -f 'main/writer-json.c' || echo './'`main/writer-json.c
mv -f main/.deps/libctags_a-writer-json.Tpo main/.deps/libctags_a-writer-json.Po
echo "  CC      " main/libctags_a-writer-xref.o;gcc -DHAVE_CONFIG_H -I.  -I. -I. -I./main -I./peg -DHAVE_PACKCC  -DUSE_SYSTEM_STRNLEN   -DHAVE_REPOINFO_H  -std=gnu99 -Wall    -I/usr/local/Cellar/jansson/2.13.1/include -I/usr/local/Cellar/libyaml/0.2.5/include  -g -O2 -MT main/libctags_a-writer-xref.o -MD -MP -MF main/.deps/libctags_a-writer-xref.Tpo -c -o main/libctags_a-writer-xref.o `test -f 'main/writer-xref.c' || echo './'`main/writer-xref.c
mv -f main/.deps/libctags_a-writer-xref.Tpo main/.deps/libctags_a-writer-xref.Po
echo "  CC      " main/libctags_a-xtag.o;gcc -DHAVE_CONFIG_H -I.  -I. -I. -I./main -I./peg -DHAVE_PACKCC  -DUSE_SYSTEM_STRNLEN   -DHAVE_REPOINFO_H  -std=gnu99 -Wall    -I/usr/local/Cellar/jansson/2.13.1/include -I/usr/local/Cellar/libyaml/0.2.5/include  -g -O2 -MT main/libctags_a-xtag.o -MD -MP -MF main/.deps/libctags_a-xtag.Tpo -c -o main/libctags_a-xtag.o `test -f 'main/xtag.c' || echo './'`main/xtag.c
mv -f main/.deps/libctags_a-xtag.Tpo main/.deps/libctags_a-xtag.Po
echo REPOINFO "  main/repoinfo.h";./misc/gen-repoinfo main/repoinfo.h
echo "  CC      " main/libctags_a-repoinfo.o;gcc -DHAVE_CONFIG_H -I.  -I. -I. -I./main -I./peg -DHAVE_PACKCC  -DUSE_SYSTEM_STRNLEN   -DHAVE_REPOINFO_H  -std=gnu99 -Wall    -I/usr/local/Cellar/jansson/2.13.1/include -I/usr/local/Cellar/libyaml/0.2.5/include  -g -O2 -MT main/libctags_a-repoinfo.o -MD -MP -MF main/.deps/libctags_a-repoinfo.Tpo -c -o main/libctags_a-repoinfo.o `test -f 'main/repoinfo.c' || echo './'`main/repoinfo.c
mv -f main/.deps/libctags_a-repoinfo.Tpo main/.deps/libctags_a-repoinfo.Po
echo "  CC      " main/libctags_a-mio.o;gcc -DHAVE_CONFIG_H -I.  -I. -I. -I./main -I./peg -DHAVE_PACKCC  -DUSE_SYSTEM_STRNLEN   -DHAVE_REPOINFO_H  -std=gnu99 -Wall    -I/usr/local/Cellar/jansson/2.13.1/include -I/usr/local/Cellar/libyaml/0.2.5/include  -g -O2 -MT main/libctags_a-mio.o -MD -MP -MF main/.deps/libctags_a-mio.Tpo -c -o main/libctags_a-mio.o `test -f 'main/mio.c' || echo './'`main/mio.c
mv -f main/.deps/libctags_a-mio.Tpo main/.deps/libctags_a-mio.Po
echo "  CC      " parsers/libctags_a-abaqus.o;gcc -DHAVE_CONFIG_H -I.  -I. -I. -I./main -I./peg -DHAVE_PACKCC  -DUSE_SYSTEM_STRNLEN   -DHAVE_REPOINFO_H  -std=gnu99 -Wall    -I/usr/local/Cellar/jansson/2.13.1/include -I/usr/local/Cellar/libyaml/0.2.5/include  -g -O2 -MT parsers/libctags_a-abaqus.o -MD -MP -MF parsers/.deps/libctags_a-abaqus.Tpo -c -o parsers/libctags_a-abaqus.o `test -f 'parsers/abaqus.c' || echo './'`parsers/abaqus.c
mv -f parsers/.deps/libctags_a-abaqus.Tpo parsers/.deps/libctags_a-abaqus.Po
echo "  CC      " parsers/libctags_a-abc.o;gcc -DHAVE_CONFIG_H -I.  -I. -I. -I./main -I./peg -DHAVE_PACKCC  -DUSE_SYSTEM_STRNLEN   -DHAVE_REPOINFO_H  -std=gnu99 -Wall    -I/usr/local/Cellar/jansson/2.13.1/include -I/usr/local/Cellar/libyaml/0.2.5/include  -g -O2 -MT parsers/libctags_a-abc.o -MD -MP -MF parsers/.deps/libctags_a-abc.Tpo -c -o parsers/libctags_a-abc.o `test -f 'parsers/abc.c' || echo './'`parsers/abc.c
mv -f parsers/.deps/libctags_a-abc.Tpo parsers/.deps/libctags_a-abc.Po
echo "  CC      " parsers/libctags_a-ada.o;gcc -DHAVE_CONFIG_H -I.  -I. -I. -I./main -I./peg -DHAVE_PACKCC  -DUSE_SYSTEM_STRNLEN   -DHAVE_REPOINFO_H  -std=gnu99 -Wall    -I/usr/local/Cellar/jansson/2.13.1/include -I/usr/local/Cellar/libyaml/0.2.5/include  -g -O2 -MT parsers/libctags_a-ada.o -MD -MP -MF parsers/.deps/libctags_a-ada.Tpo -c -o parsers/libctags_a-ada.o `test -f 'parsers/ada.c' || echo './'`parsers/ada.c
mv -f parsers/.deps/libctags_a-ada.Tpo parsers/.deps/libctags_a-ada.Po
echo "  CC      " parsers/libctags_a-ant.o;gcc -DHAVE_CONFIG_H -I.  -I. -I. -I./main -I./peg -DHAVE_PACKCC  -DUSE_SYSTEM_STRNLEN   -DHAVE_REPOINFO_H  -std=gnu99 -Wall    -I/usr/local/Cellar/jansson/2.13.1/include -I/usr/local/Cellar/libyaml/0.2.5/include  -g -O2 -MT parsers/libctags_a-ant.o -MD -MP -MF parsers/.deps/libctags_a-ant.Tpo -c -o parsers/libctags_a-ant.o `test -f 'parsers/ant.c' || echo './'`parsers/ant.c
mv -f parsers/.deps/libctags_a-ant.Tpo parsers/.deps/libctags_a-ant.Po
echo "  CC      " parsers/libctags_a-asciidoc.o;gcc -DHAVE_CONFIG_H -I.  -I. -I. -I./main -I./peg -DHAVE_PACKCC  -DUSE_SYSTEM_STRNLEN   -DHAVE_REPOINFO_H  -std=gnu99 -Wall    -I/usr/local/Cellar/jansson/2.13.1/include -I/usr/local/Cellar/libyaml/0.2.5/include  -g -O2 -MT parsers/libctags_a-asciidoc.o -MD -MP -MF parsers/.deps/libctags_a-asciidoc.Tpo -c -o parsers/libctags_a-asciidoc.o `test -f 'parsers/asciidoc.c' || echo './'`parsers/asciidoc.c
mv -f parsers/.deps/libctags_a-asciidoc.Tpo parsers/.deps/libctags_a-asciidoc.Po
echo "  CC      " parsers/libctags_a-asm.o;gcc -DHAVE_CONFIG_H -I.  -I. -I. -I./main -I./peg -DHAVE_PACKCC  -DUSE_SYSTEM_STRNLEN   -DHAVE_REPOINFO_H  -std=gnu99 -Wall    -I/usr/local/Cellar/jansson/2.13.1/include -I/usr/local/Cellar/libyaml/0.2.5/include  -g -O2 -MT parsers/libctags_a-asm.o -MD -MP -MF parsers/.deps/libctags_a-asm.Tpo -c -o parsers/libctags_a-asm.o `test -f 'parsers/asm.c' || echo './'`parsers/asm.c
mv -f parsers/.deps/libctags_a-asm.Tpo parsers/.deps/libctags_a-asm.Po
echo "  CC      " parsers/libctags_a-asp.o;gcc -DHAVE_CONFIG_H -I.  -I. -I. -I./main -I./peg -DHAVE_PACKCC  -DUSE_SYSTEM_STRNLEN   -DHAVE_REPOINFO_H  -std=gnu99 -Wall    -I/usr/local/Cellar/jansson/2.13.1/include -I/usr/local/Cellar/libyaml/0.2.5/include  -g -O2 -MT parsers/libctags_a-asp.o -MD -MP -MF parsers/.deps/libctags_a-asp.Tpo -c -o parsers/libctags_a-asp.o `test -f 'parsers/asp.c' || echo './'`parsers/asp.c
mv -f parsers/.deps/libctags_a-asp.Tpo parsers/.deps/libctags_a-asp.Po
echo "  CC      " parsers/libctags_a-autoconf.o;gcc -DHAVE_CONFIG_H -I.  -I. -I. -I./main -I./peg -DHAVE_PACKCC  -DUSE_SYSTEM_STRNLEN   -DHAVE_REPOINFO_H  -std=gnu99 -Wall    -I/usr/local/Cellar/jansson/2.13.1/include -I/usr/local/Cellar/libyaml/0.2.5/include  -g -O2 -MT parsers/libctags_a-autoconf.o -MD -MP -MF parsers/.deps/libctags_a-autoconf.Tpo -c -o parsers/libctags_a-autoconf.o `test -f 'parsers/autoconf.c' || echo './'`parsers/autoconf.c
mv -f parsers/.deps/libctags_a-autoconf.Tpo parsers/.deps/libctags_a-autoconf.Po
echo "  CC      " parsers/libctags_a-autoit.o;gcc -DHAVE_CONFIG_H -I.  -I. -I. -I./main -I./peg -DHAVE_PACKCC  -DUSE_SYSTEM_STRNLEN   -DHAVE_REPOINFO_H  -std=gnu99 -Wall    -I/usr/local/Cellar/jansson/2.13.1/include -I/usr/local/Cellar/libyaml/0.2.5/include  -g -O2 -MT parsers/libctags_a-autoit.o -MD -MP -MF parsers/.deps/libctags_a-autoit.Tpo -c -o parsers/libctags_a-autoit.o `test -f 'parsers/autoit.c' || echo './'`parsers/autoit.c
mv -f parsers/.deps/libctags_a-autoit.Tpo parsers/.deps/libctags_a-autoit.Po
echo "  CC      " parsers/libctags_a-automake.o;gcc -DHAVE_CONFIG_H -I.  -I. -I. -I./main -I./peg -DHAVE_PACKCC  -DUSE_SYSTEM_STRNLEN   -DHAVE_REPOINFO_H  -std=gnu99 -Wall    -I/usr/local/Cellar/jansson/2.13.1/include -I/usr/local/Cellar/libyaml/0.2.5/include  -g -O2 -MT parsers/libctags_a-automake.o -MD -MP -MF parsers/.deps/libctags_a-automake.Tpo -c -o parsers/libctags_a-automake.o `test -f 'parsers/automake.c' || echo './'`parsers/automake.c
mv -f parsers/.deps/libctags_a-automake.Tpo parsers/.deps/libctags_a-automake.Po
echo "  CC      " parsers/libctags_a-awk.o;gcc -DHAVE_CONFIG_H -I.  -I. -I. -I./main -I./peg -DHAVE_PACKCC  -DUSE_SYSTEM_STRNLEN   -DHAVE_REPOINFO_H  -std=gnu99 -Wall    -I/usr/local/Cellar/jansson/2.13.1/include -I/usr/local/Cellar/libyaml/0.2.5/include  -g -O2 -MT parsers/libctags_a-awk.o -MD -MP -MF parsers/.deps/libctags_a-awk.Tpo -c -o parsers/libctags_a-awk.o `test -f 'parsers/awk.c' || echo './'`parsers/awk.c
mv -f parsers/.deps/libctags_a-awk.Tpo parsers/.deps/libctags_a-awk.Po
echo "  CC      " parsers/libctags_a-basic.o;gcc -DHAVE_CONFIG_H -I.  -I. -I. -I./main -I./peg -DHAVE_PACKCC  -DUSE_SYSTEM_STRNLEN   -DHAVE_REPOINFO_H  -std=gnu99 -Wall    -I/usr/local/Cellar/jansson/2.13.1/include -I/usr/local/Cellar/libyaml/0.2.5/include  -g -O2 -MT parsers/libctags_a-basic.o -MD -MP -MF parsers/.deps/libctags_a-basic.Tpo -c -o parsers/libctags_a-basic.o `test -f 'parsers/basic.c' || echo './'`parsers/basic.c
mv -f parsers/.deps/libctags_a-basic.Tpo parsers/.deps/libctags_a-basic.Po
echo "  CC      " parsers/libctags_a-beta.o;gcc -DHAVE_CONFIG_H -I.  -I. -I. -I./main -I./peg -DHAVE_PACKCC  -DUSE_SYSTEM_STRNLEN   -DHAVE_REPOINFO_H  -std=gnu99 -Wall    -I/usr/local/Cellar/jansson/2.13.1/include -I/usr/local/Cellar/libyaml/0.2.5/include  -g -O2 -MT parsers/libctags_a-beta.o -MD -MP -MF parsers/.deps/libctags_a-beta.Tpo -c -o parsers/libctags_a-beta.o `test -f 'parsers/beta.c' || echo './'`parsers/beta.c
mv -f parsers/.deps/libctags_a-beta.Tpo parsers/.deps/libctags_a-beta.Po
echo "  CC      " parsers/libctags_a-bibtex.o;gcc -DHAVE_CONFIG_H -I.  -I. -I. -I./main -I./peg -DHAVE_PACKCC  -DUSE_SYSTEM_STRNLEN   -DHAVE_REPOINFO_H  -std=gnu99 -Wall    -I/usr/local/Cellar/jansson/2.13.1/include -I/usr/local/Cellar/libyaml/0.2.5/include  -g -O2 -MT parsers/libctags_a-bibtex.o -MD -MP -MF parsers/.deps/libctags_a-bibtex.Tpo -c -o parsers/libctags_a-bibtex.o `test -f 'parsers/bibtex.c' || echo './'`parsers/bibtex.c
mv -f parsers/.deps/libctags_a-bibtex.Tpo parsers/.deps/libctags_a-bibtex.Po
echo "  CC      " parsers/libctags_a-c.o;gcc -DHAVE_CONFIG_H -I.  -I. -I. -I./main -I./peg -DHAVE_PACKCC  -DUSE_SYSTEM_STRNLEN   -DHAVE_REPOINFO_H  -std=gnu99 -Wall    -I/usr/local/Cellar/jansson/2.13.1/include -I/usr/local/Cellar/libyaml/0.2.5/include  -g -O2 -MT parsers/libctags_a-c.o -MD -MP -MF parsers/.deps/libctags_a-c.Tpo -c -o parsers/libctags_a-c.o `test -f 'parsers/c.c' || echo './'`parsers/c.c
mv -f parsers/.deps/libctags_a-c.Tpo parsers/.deps/libctags_a-c.Po
echo "  CC      " parsers/libctags_a-clojure.o;gcc -DHAVE_CONFIG_H -I.  -I. -I. -I./main -I./peg -DHAVE_PACKCC  -DUSE_SYSTEM_STRNLEN   -DHAVE_REPOINFO_H  -std=gnu99 -Wall    -I/usr/local/Cellar/jansson/2.13.1/include -I/usr/local/Cellar/libyaml/0.2.5/include  -g -O2 -MT parsers/libctags_a-clojure.o -MD -MP -MF parsers/.deps/libctags_a-clojure.Tpo -c -o parsers/libctags_a-clojure.o `test -f 'parsers/clojure.c' || echo './'`parsers/clojure.c
mv -f parsers/.deps/libctags_a-clojure.Tpo parsers/.deps/libctags_a-clojure.Po
echo "  CC      " parsers/libctags_a-css.o;gcc -DHAVE_CONFIG_H -I.  -I. -I. -I./main -I./peg -DHAVE_PACKCC  -DUSE_SYSTEM_STRNLEN   -DHAVE_REPOINFO_H  -std=gnu99 -Wall    -I/usr/local/Cellar/jansson/2.13.1/include -I/usr/local/Cellar/libyaml/0.2.5/include  -g -O2 -MT parsers/libctags_a-css.o -MD -MP -MF parsers/.deps/libctags_a-css.Tpo -c -o parsers/libctags_a-css.o `test -f 'parsers/css.c' || echo './'`parsers/css.c
mv -f parsers/.deps/libctags_a-css.Tpo parsers/.deps/libctags_a-css.Po
echo "  CC      " parsers/libctags_a-cobol.o;gcc -DHAVE_CONFIG_H -I.  -I. -I. -I./main -I./peg -DHAVE_PACKCC  -DUSE_SYSTEM_STRNLEN   -DHAVE_REPOINFO_H  -std=gnu99 -Wall    -I/usr/local/Cellar/jansson/2.13.1/include -I/usr/local/Cellar/libyaml/0.2.5/include  -g -O2 -MT parsers/libctags_a-cobol.o -MD -MP -MF parsers/.deps/libctags_a-cobol.Tpo -c -o parsers/libctags_a-cobol.o `test -f 'parsers/cobol.c' || echo './'`parsers/cobol.c
mv -f parsers/.deps/libctags_a-cobol.Tpo parsers/.deps/libctags_a-cobol.Po
echo "  CC      " parsers/libctags_a-cpreprocessor.o;gcc -DHAVE_CONFIG_H -I.  -I. -I. -I./main -I./peg -DHAVE_PACKCC  -DUSE_SYSTEM_STRNLEN   -DHAVE_REPOINFO_H  -std=gnu99 -Wall    -I/usr/local/Cellar/jansson/2.13.1/include -I/usr/local/Cellar/libyaml/0.2.5/include  -g -O2 -MT parsers/libctags_a-cpreprocessor.o -MD -MP -MF parsers/.deps/libctags_a-cpreprocessor.Tpo -c -o parsers/libctags_a-cpreprocessor.o `test -f 'parsers/cpreprocessor.c' || echo './'`parsers/cpreprocessor.c
mv -f parsers/.deps/libctags_a-cpreprocessor.Tpo parsers/.deps/libctags_a-cpreprocessor.Po
echo "  CC      " parsers/cxx/libctags_a-cxx.o;gcc -DHAVE_CONFIG_H -I.  -I. -I. -I./main -I./peg -DHAVE_PACKCC  -DUSE_SYSTEM_STRNLEN   -DHAVE_REPOINFO_H  -std=gnu99 -Wall    -I/usr/local/Cellar/jansson/2.13.1/include -I/usr/local/Cellar/libyaml/0.2.5/include  -g -O2 -MT parsers/cxx/libctags_a-cxx.o -MD -MP -MF parsers/cxx/.deps/libctags_a-cxx.Tpo -c -o parsers/cxx/libctags_a-cxx.o `test -f 'parsers/cxx/cxx.c' || echo './'`parsers/cxx/cxx.c
mv -f parsers/cxx/.deps/libctags_a-cxx.Tpo parsers/cxx/.deps/libctags_a-cxx.Po
echo "  CC      " parsers/cxx/libctags_a-cxx_debug.o;gcc -DHAVE_CONFIG_H -I.  -I. -I. -I./main -I./peg -DHAVE_PACKCC  -DUSE_SYSTEM_STRNLEN   -DHAVE_REPOINFO_H  -std=gnu99 -Wall    -I/usr/local/Cellar/jansson/2.13.1/include -I/usr/local/Cellar/libyaml/0.2.5/include  -g -O2 -MT parsers/cxx/libctags_a-cxx_debug.o -MD -MP -MF parsers/cxx/.deps/libctags_a-cxx_debug.Tpo -c -o parsers/cxx/libctags_a-cxx_debug.o `test -f 'parsers/cxx/cxx_debug.c' || echo './'`parsers/cxx/cxx_debug.c
mv -f parsers/cxx/.deps/libctags_a-cxx_debug.Tpo parsers/cxx/.deps/libctags_a-cxx_debug.Po
echo "  CC      " parsers/cxx/libctags_a-cxx_debug_type.o;gcc -DHAVE_CONFIG_H -I.  -I. -I. -I./main -I./peg -DHAVE_PACKCC  -DUSE_SYSTEM_STRNLEN   -DHAVE_REPOINFO_H  -std=gnu99 -Wall    -I/usr/local/Cellar/jansson/2.13.1/include -I/usr/local/Cellar/libyaml/0.2.5/include  -g -O2 -MT parsers/cxx/libctags_a-cxx_debug_type.o -MD -MP -MF parsers/cxx/.deps/libctags_a-cxx_debug_type.Tpo -c -o parsers/cxx/libctags_a-cxx_debug_type.o `test -f 'parsers/cxx/cxx_debug_type.c' || echo './'`parsers/cxx/cxx_debug_type.c
mv -f parsers/cxx/.deps/libctags_a-cxx_debug_type.Tpo parsers/cxx/.deps/libctags_a-cxx_debug_type.Po
echo "  CC      " parsers/cxx/libctags_a-cxx_keyword.o;gcc -DHAVE_CONFIG_H -I.  -I. -I. -I./main -I./peg -DHAVE_PACKCC  -DUSE_SYSTEM_STRNLEN   -DHAVE_REPOINFO_H  -std=gnu99 -Wall    -I/usr/local/Cellar/jansson/2.13.1/include -I/usr/local/Cellar/libyaml/0.2.5/include  -g -O2 -MT parsers/cxx/libctags_a-cxx_keyword.o -MD -MP -MF parsers/cxx/.deps/libctags_a-cxx_keyword.Tpo -c -o parsers/cxx/libctags_a-cxx_keyword.o `test -f 'parsers/cxx/cxx_keyword.c' || echo './'`parsers/cxx/cxx_keyword.c
mv -f parsers/cxx/.deps/libctags_a-cxx_keyword.Tpo parsers/cxx/.deps/libctags_a-cxx_keyword.Po
echo "  CC      " parsers/cxx/libctags_a-cxx_parser.o;gcc -DHAVE_CONFIG_H -I.  -I. -I. -I./main -I./peg -DHAVE_PACKCC  -DUSE_SYSTEM_STRNLEN   -DHAVE_REPOINFO_H  -std=gnu99 -Wall    -I/usr/local/Cellar/jansson/2.13.1/include -I/usr/local/Cellar/libyaml/0.2.5/include  -g -O2 -MT parsers/cxx/libctags_a-cxx_parser.o -MD -MP -MF parsers/cxx/.deps/libctags_a-cxx_parser.Tpo -c -o parsers/cxx/libctags_a-cxx_parser.o `test -f 'parsers/cxx/cxx_parser.c' || echo './'`parsers/cxx/cxx_parser.c
mv -f parsers/cxx/.deps/libctags_a-cxx_parser.Tpo parsers/cxx/.deps/libctags_a-cxx_parser.Po
echo "  CC      " parsers/cxx/libctags_a-cxx_parser_block.o;gcc -DHAVE_CONFIG_H -I.  -I. -I. -I./main -I./peg -DHAVE_PACKCC  -DUSE_SYSTEM_STRNLEN   -DHAVE_REPOINFO_H  -std=gnu99 -Wall    -I/usr/local/Cellar/jansson/2.13.1/include -I/usr/local/Cellar/libyaml/0.2.5/include  -g -O2 -MT parsers/cxx/libctags_a-cxx_parser_block.o -MD -MP -MF parsers/cxx/.deps/libctags_a-cxx_parser_block.Tpo -c -o parsers/cxx/libctags_a-cxx_parser_block.o `test -f 'parsers/cxx/cxx_parser_block.c' || echo './'`parsers/cxx/cxx_parser_block.c
mv -f parsers/cxx/.deps/libctags_a-cxx_parser_block.Tpo parsers/cxx/.deps/libctags_a-cxx_parser_block.Po
echo "  CC      " parsers/cxx/libctags_a-cxx_parser_function.o;gcc -DHAVE_CONFIG_H -I.  -I. -I. -I./main -I./peg -DHAVE_PACKCC  -DUSE_SYSTEM_STRNLEN   -DHAVE_REPOINFO_H  -std=gnu99 -Wall    -I/usr/local/Cellar/jansson/2.13.1/include -I/usr/local/Cellar/libyaml/0.2.5/include  -g -O2 -MT parsers/cxx/libctags_a-cxx_parser_function.o -MD -MP -MF parsers/cxx/.deps/libctags_a-cxx_parser_function.Tpo -c -o parsers/cxx/libctags_a-cxx_parser_function.o `test -f 'parsers/cxx/cxx_parser_function.c' || echo './'`parsers/cxx/cxx_parser_function.c
mv -f parsers/cxx/.deps/libctags_a-cxx_parser_function.Tpo parsers/cxx/.deps/libctags_a-cxx_parser_function.Po
echo "  CC      " parsers/cxx/libctags_a-cxx_parser_lambda.o;gcc -DHAVE_CONFIG_H -I.  -I. -I. -I./main -I./peg -DHAVE_PACKCC  -DUSE_SYSTEM_STRNLEN   -DHAVE_REPOINFO_H  -std=gnu99 -Wall    -I/usr/local/Cellar/jansson/2.13.1/include -I/usr/local/Cellar/libyaml/0.2.5/include  -g -O2 -MT parsers/cxx/libctags_a-cxx_parser_lambda.o -MD -MP -MF parsers/cxx/.deps/libctags_a-cxx_parser_lambda.Tpo -c -o parsers/cxx/libctags_a-cxx_parser_lambda.o `test -f 'parsers/cxx/cxx_parser_lambda.c' || echo './'`parsers/cxx/cxx_parser_lambda.c
mv -f parsers/cxx/.deps/libctags_a-cxx_parser_lambda.Tpo parsers/cxx/.deps/libctags_a-cxx_parser_lambda.Po
echo "  CC      " parsers/cxx/libctags_a-cxx_parser_namespace.o;gcc -DHAVE_CONFIG_H -I.  -I. -I. -I./main -I./peg -DHAVE_PACKCC  -DUSE_SYSTEM_STRNLEN   -DHAVE_REPOINFO_H  -std=gnu99 -Wall    -I/usr/local/Cellar/jansson/2.13.1/include -I/usr/local/Cellar/libyaml/0.2.5/include  -g -O2 -MT parsers/cxx/libctags_a-cxx_parser_namespace.o -MD -MP -MF parsers/cxx/.deps/libctags_a-cxx_parser_namespace.Tpo -c -o parsers/cxx/libctags_a-cxx_parser_namespace.o `test -f 'parsers/cxx/cxx_parser_namespace.c' || echo './'`parsers/cxx/cxx_parser_namespace.c
mv -f parsers/cxx/.deps/libctags_a-cxx_parser_namespace.Tpo parsers/cxx/.deps/libctags_a-cxx_parser_namespace.Po
echo "  CC      " parsers/cxx/libctags_a-cxx_parser_template.o;gcc -DHAVE_CONFIG_H -I.  -I. -I. -I./main -I./peg -DHAVE_PACKCC  -DUSE_SYSTEM_STRNLEN   -DHAVE_REPOINFO_H  -std=gnu99 -Wall    -I/usr/local/Cellar/jansson/2.13.1/include -I/usr/local/Cellar/libyaml/0.2.5/include  -g -O2 -MT parsers/cxx/libctags_a-cxx_parser_template.o -MD -MP -MF parsers/cxx/.deps/libctags_a-cxx_parser_template.Tpo -c -o parsers/cxx/libctags_a-cxx_parser_template.o `test -f 'parsers/cxx/cxx_parser_template.c' || echo './'`parsers/cxx/cxx_parser_template.c
mv -f parsers/cxx/.deps/libctags_a-cxx_parser_template.Tpo parsers/cxx/.deps/libctags_a-cxx_parser_template.Po
echo "  CC      " parsers/cxx/libctags_a-cxx_parser_tokenizer.o;gcc -DHAVE_CONFIG_H -I.  -I. -I. -I./main -I./peg -DHAVE_PACKCC  -DUSE_SYSTEM_STRNLEN   -DHAVE_REPOINFO_H  -std=gnu99 -Wall    -I/usr/local/Cellar/jansson/2.13.1/include -I/usr/local/Cellar/libyaml/0.2.5/include  -g -O2 -MT parsers/cxx/libctags_a-cxx_parser_tokenizer.o -MD -MP -MF parsers/cxx/.deps/libctags_a-cxx_parser_tokenizer.Tpo -c -o parsers/cxx/libctags_a-cxx_parser_tokenizer.o `test -f 'parsers/cxx/cxx_parser_tokenizer.c' || echo './'`parsers/cxx/cxx_parser_tokenizer.c
mv -f parsers/cxx/.deps/libctags_a-cxx_parser_tokenizer.Tpo parsers/cxx/.deps/libctags_a-cxx_parser_tokenizer.Po
echo "  CC      " parsers/cxx/libctags_a-cxx_parser_typedef.o;gcc -DHAVE_CONFIG_H -I.  -I. -I. -I./main -I./peg -DHAVE_PACKCC  -DUSE_SYSTEM_STRNLEN   -DHAVE_REPOINFO_H  -std=gnu99 -Wall    -I/usr/local/Cellar/jansson/2.13.1/include -I/usr/local/Cellar/libyaml/0.2.5/include  -g -O2 -MT parsers/cxx/libctags_a-cxx_parser_typedef.o -MD -MP -MF parsers/cxx/.deps/libctags_a-cxx_parser_typedef.Tpo -c -o parsers/cxx/libctags_a-cxx_parser_typedef.o `test -f 'parsers/cxx/cxx_parser_typedef.c' || echo './'`parsers/cxx/cxx_parser_typedef.c
mv -f parsers/cxx/.deps/libctags_a-cxx_parser_typedef.Tpo parsers/cxx/.deps/libctags_a-cxx_parser_typedef.Po
echo "  CC      " parsers/cxx/libctags_a-cxx_parser_using.o;gcc -DHAVE_CONFIG_H -I.  -I. -I. -I./main -I./peg -DHAVE_PACKCC  -DUSE_SYSTEM_STRNLEN   -DHAVE_REPOINFO_H  -std=gnu99 -Wall    -I/usr/local/Cellar/jansson/2.13.1/include -I/usr/local/Cellar/libyaml/0.2.5/include  -g -O2 -MT parsers/cxx/libctags_a-cxx_parser_using.o -MD -MP -MF parsers/cxx/.deps/libctags_a-cxx_parser_using.Tpo -c -o parsers/cxx/libctags_a-cxx_parser_using.o `test -f 'parsers/cxx/cxx_parser_using.c' || echo './'`parsers/cxx/cxx_parser_using.c
mv -f parsers/cxx/.deps/libctags_a-cxx_parser_using.Tpo parsers/cxx/.deps/libctags_a-cxx_parser_using.Po
echo "  CC      " parsers/cxx/libctags_a-cxx_parser_variable.o;gcc -DHAVE_CONFIG_H -I.  -I. -I. -I./main -I./peg -DHAVE_PACKCC  -DUSE_SYSTEM_STRNLEN   -DHAVE_REPOINFO_H  -std=gnu99 -Wall    -I/usr/local/Cellar/jansson/2.13.1/include -I/usr/local/Cellar/libyaml/0.2.5/include  -g -O2 -MT parsers/cxx/libctags_a-cxx_parser_variable.o -MD -MP -MF parsers/cxx/.deps/libctags_a-cxx_parser_variable.Tpo -c -o parsers/cxx/libctags_a-cxx_parser_variable.o `test -f 'parsers/cxx/cxx_parser_variable.c' || echo './'`parsers/cxx/cxx_parser_variable.c
mv -f parsers/cxx/.deps/libctags_a-cxx_parser_variable.Tpo parsers/cxx/.deps/libctags_a-cxx_parser_variable.Po
echo "  CC      " parsers/cxx/libctags_a-cxx_subparser.o;gcc -DHAVE_CONFIG_H -I.  -I. -I. -I./main -I./peg -DHAVE_PACKCC  -DUSE_SYSTEM_STRNLEN   -DHAVE_REPOINFO_H  -std=gnu99 -Wall    -I/usr/local/Cellar/jansson/2.13.1/include -I/usr/local/Cellar/libyaml/0.2.5/include  -g -O2 -MT parsers/cxx/libctags_a-cxx_subparser.o -MD -MP -MF parsers/cxx/.deps/libctags_a-cxx_subparser.Tpo -c -o parsers/cxx/libctags_a-cxx_subparser.o `test -f 'parsers/cxx/cxx_subparser.c' || echo './'`parsers/cxx/cxx_subparser.c
mv -f parsers/cxx/.deps/libctags_a-cxx_subparser.Tpo parsers/cxx/.deps/libctags_a-cxx_subparser.Po
echo "  CC      " parsers/cxx/libctags_a-cxx_qtmoc.o;gcc -DHAVE_CONFIG_H -I.  -I. -I. -I./main -I./peg -DHAVE_PACKCC  -DUSE_SYSTEM_STRNLEN   -DHAVE_REPOINFO_H  -std=gnu99 -Wall    -I/usr/local/Cellar/jansson/2.13.1/include -I/usr/local/Cellar/libyaml/0.2.5/include  -g -O2 -MT parsers/cxx/libctags_a-cxx_qtmoc.o -MD -MP -MF parsers/cxx/.deps/libctags_a-cxx_qtmoc.Tpo -c -o parsers/cxx/libctags_a-cxx_qtmoc.o `test -f 'parsers/cxx/cxx_qtmoc.c' || echo './'`parsers/cxx/cxx_qtmoc.c
mv -f parsers/cxx/.deps/libctags_a-cxx_qtmoc.Tpo parsers/cxx/.deps/libctags_a-cxx_qtmoc.Po
echo "  CC      " parsers/cxx/libctags_a-cxx_scope.o;gcc -DHAVE_CONFIG_H -I.  -I. -I. -I./main -I./peg -DHAVE_PACKCC  -DUSE_SYSTEM_STRNLEN   -DHAVE_REPOINFO_H  -std=gnu99 -Wall    -I/usr/local/Cellar/jansson/2.13.1/include -I/usr/local/Cellar/libyaml/0.2.5/include  -g -O2 -MT parsers/cxx/libctags_a-cxx_scope.o -MD -MP -MF parsers/cxx/.deps/libctags_a-cxx_scope.Tpo -c -o parsers/cxx/libctags_a-cxx_scope.o `test -f 'parsers/cxx/cxx_scope.c' || echo './'`parsers/cxx/cxx_scope.c
mv -f parsers/cxx/.deps/libctags_a-cxx_scope.Tpo parsers/cxx/.deps/libctags_a-cxx_scope.Po
echo "  CC      " parsers/cxx/libctags_a-cxx_tag.o;gcc -DHAVE_CONFIG_H -I.  -I. -I. -I./main -I./peg -DHAVE_PACKCC  -DUSE_SYSTEM_STRNLEN   -DHAVE_REPOINFO_H  -std=gnu99 -Wall    -I/usr/local/Cellar/jansson/2.13.1/include -I/usr/local/Cellar/libyaml/0.2.5/include  -g -O2 -MT parsers/cxx/libctags_a-cxx_tag.o -MD -MP -MF parsers/cxx/.deps/libctags_a-cxx_tag.Tpo -c -o parsers/cxx/libctags_a-cxx_tag.o `test -f 'parsers/cxx/cxx_tag.c' || echo './'`parsers/cxx/cxx_tag.c
mv -f parsers/cxx/.deps/libctags_a-cxx_tag.Tpo parsers/cxx/.deps/libctags_a-cxx_tag.Po
echo "  CC      " parsers/cxx/libctags_a-cxx_token.o;gcc -DHAVE_CONFIG_H -I.  -I. -I. -I./main -I./peg -DHAVE_PACKCC  -DUSE_SYSTEM_STRNLEN   -DHAVE_REPOINFO_H  -std=gnu99 -Wall    -I/usr/local/Cellar/jansson/2.13.1/include -I/usr/local/Cellar/libyaml/0.2.5/include  -g -O2 -MT parsers/cxx/libctags_a-cxx_token.o -MD -MP -MF parsers/cxx/.deps/libctags_a-cxx_token.Tpo -c -o parsers/cxx/libctags_a-cxx_token.o `test -f 'parsers/cxx/cxx_token.c' || echo './'`parsers/cxx/cxx_token.c
mv -f parsers/cxx/.deps/libctags_a-cxx_token.Tpo parsers/cxx/.deps/libctags_a-cxx_token.Po
echo "  CC      " parsers/cxx/libctags_a-cxx_token_chain.o;gcc -DHAVE_CONFIG_H -I.  -I. -I. -I./main -I./peg -DHAVE_PACKCC  -DUSE_SYSTEM_STRNLEN   -DHAVE_REPOINFO_H  -std=gnu99 -Wall    -I/usr/local/Cellar/jansson/2.13.1/include -I/usr/local/Cellar/libyaml/0.2.5/include  -g -O2 -MT parsers/cxx/libctags_a-cxx_token_chain.o -MD -MP -MF parsers/cxx/.deps/libctags_a-cxx_token_chain.Tpo -c -o parsers/cxx/libctags_a-cxx_token_chain.o `test -f 'parsers/cxx/cxx_token_chain.c' || echo './'`parsers/cxx/cxx_token_chain.c
mv -f parsers/cxx/.deps/libctags_a-cxx_token_chain.Tpo parsers/cxx/.deps/libctags_a-cxx_token_chain.Po
echo "  CC      " parsers/libctags_a-diff.o;gcc -DHAVE_CONFIG_H -I.  -I. -I. -I./main -I./peg -DHAVE_PACKCC  -DUSE_SYSTEM_STRNLEN   -DHAVE_REPOINFO_H  -std=gnu99 -Wall    -I/usr/local/Cellar/jansson/2.13.1/include -I/usr/local/Cellar/libyaml/0.2.5/include  -g -O2 -MT parsers/libctags_a-diff.o -MD -MP -MF parsers/.deps/libctags_a-diff.Tpo -c -o parsers/libctags_a-diff.o `test -f 'parsers/diff.c' || echo './'`parsers/diff.c
mv -f parsers/.deps/libctags_a-diff.Tpo parsers/.deps/libctags_a-diff.Po
echo "  CC      " parsers/libctags_a-dosbatch.o;gcc -DHAVE_CONFIG_H -I.  -I. -I. -I./main -I./peg -DHAVE_PACKCC  -DUSE_SYSTEM_STRNLEN   -DHAVE_REPOINFO_H  -std=gnu99 -Wall    -I/usr/local/Cellar/jansson/2.13.1/include -I/usr/local/Cellar/libyaml/0.2.5/include  -g -O2 -MT parsers/libctags_a-dosbatch.o -MD -MP -MF parsers/.deps/libctags_a-dosbatch.Tpo -c -o parsers/libctags_a-dosbatch.o `test -f 'parsers/dosbatch.c' || echo './'`parsers/dosbatch.c
mv -f parsers/.deps/libctags_a-dosbatch.Tpo parsers/.deps/libctags_a-dosbatch.Po
echo "  CC      " parsers/libctags_a-dtd.o;gcc -DHAVE_CONFIG_H -I.  -I. -I. -I./main -I./peg -DHAVE_PACKCC  -DUSE_SYSTEM_STRNLEN   -DHAVE_REPOINFO_H  -std=gnu99 -Wall    -I/usr/local/Cellar/jansson/2.13.1/include -I/usr/local/Cellar/libyaml/0.2.5/include  -g -O2 -MT parsers/libctags_a-dtd.o -MD -MP -MF parsers/.deps/libctags_a-dtd.Tpo -c -o parsers/libctags_a-dtd.o `test -f 'parsers/dtd.c' || echo './'`parsers/dtd.c
mv -f parsers/.deps/libctags_a-dtd.Tpo parsers/.deps/libctags_a-dtd.Po
echo "  CC      " parsers/libctags_a-dts.o;gcc -DHAVE_CONFIG_H -I.  -I. -I. -I./main -I./peg -DHAVE_PACKCC  -DUSE_SYSTEM_STRNLEN   -DHAVE_REPOINFO_H  -std=gnu99 -Wall    -I/usr/local/Cellar/jansson/2.13.1/include -I/usr/local/Cellar/libyaml/0.2.5/include  -g -O2 -MT parsers/libctags_a-dts.o -MD -MP -MF parsers/.deps/libctags_a-dts.Tpo -c -o parsers/libctags_a-dts.o `test -f 'parsers/dts.c' || echo './'`parsers/dts.c
mv -f parsers/.deps/libctags_a-dts.Tpo parsers/.deps/libctags_a-dts.Po
echo "  CC      " parsers/libctags_a-eiffel.o;gcc -DHAVE_CONFIG_H -I.  -I. -I. -I./main -I./peg -DHAVE_PACKCC  -DUSE_SYSTEM_STRNLEN   -DHAVE_REPOINFO_H  -std=gnu99 -Wall    -I/usr/local/Cellar/jansson/2.13.1/include -I/usr/local/Cellar/libyaml/0.2.5/include  -g -O2 -MT parsers/libctags_a-eiffel.o -MD -MP -MF parsers/.deps/libctags_a-eiffel.Tpo -c -o parsers/libctags_a-eiffel.o `test -f 'parsers/eiffel.c' || echo './'`parsers/eiffel.c
mv -f parsers/.deps/libctags_a-eiffel.Tpo parsers/.deps/libctags_a-eiffel.Po
echo "  CC      " parsers/libctags_a-erlang.o;gcc -DHAVE_CONFIG_H -I.  -I. -I. -I./main -I./peg -DHAVE_PACKCC  -DUSE_SYSTEM_STRNLEN   -DHAVE_REPOINFO_H  -std=gnu99 -Wall    -I/usr/local/Cellar/jansson/2.13.1/include -I/usr/local/Cellar/libyaml/0.2.5/include  -g -O2 -MT parsers/libctags_a-erlang.o -MD -MP -MF parsers/.deps/libctags_a-erlang.Tpo -c -o parsers/libctags_a-erlang.o `test -f 'parsers/erlang.c' || echo './'`parsers/erlang.c
mv -f parsers/.deps/libctags_a-erlang.Tpo parsers/.deps/libctags_a-erlang.Po
echo "  CC      " parsers/libctags_a-falcon.o;gcc -DHAVE_CONFIG_H -I.  -I. -I. -I./main -I./peg -DHAVE_PACKCC  -DUSE_SYSTEM_STRNLEN   -DHAVE_REPOINFO_H  -std=gnu99 -Wall    -I/usr/local/Cellar/jansson/2.13.1/include -I/usr/local/Cellar/libyaml/0.2.5/include  -g -O2 -MT parsers/libctags_a-falcon.o -MD -MP -MF parsers/.deps/libctags_a-falcon.Tpo -c -o parsers/libctags_a-falcon.o `test -f 'parsers/falcon.c' || echo './'`parsers/falcon.c
mv -f parsers/.deps/libctags_a-falcon.Tpo parsers/.deps/libctags_a-falcon.Po
echo "  CC      " parsers/libctags_a-flex.o;gcc -DHAVE_CONFIG_H -I.  -I. -I. -I./main -I./peg -DHAVE_PACKCC  -DUSE_SYSTEM_STRNLEN   -DHAVE_REPOINFO_H  -std=gnu99 -Wall    -I/usr/local/Cellar/jansson/2.13.1/include -I/usr/local/Cellar/libyaml/0.2.5/include  -g -O2 -MT parsers/libctags_a-flex.o -MD -MP -MF parsers/.deps/libctags_a-flex.Tpo -c -o parsers/libctags_a-flex.o `test -f 'parsers/flex.c' || echo './'`parsers/flex.c
mv -f parsers/.deps/libctags_a-flex.Tpo parsers/.deps/libctags_a-flex.Po
echo "  CC      " parsers/libctags_a-fortran.o;gcc -DHAVE_CONFIG_H -I.  -I. -I. -I./main -I./peg -DHAVE_PACKCC  -DUSE_SYSTEM_STRNLEN   -DHAVE_REPOINFO_H  -std=gnu99 -Wall    -I/usr/local/Cellar/jansson/2.13.1/include -I/usr/local/Cellar/libyaml/0.2.5/include  -g -O2 -MT parsers/libctags_a-fortran.o -MD -MP -MF parsers/.deps/libctags_a-fortran.Tpo -c -o parsers/libctags_a-fortran.o `test -f 'parsers/fortran.c' || echo './'`parsers/fortran.c
mv -f parsers/.deps/libctags_a-fortran.Tpo parsers/.deps/libctags_a-fortran.Po
echo "  CC      " parsers/libctags_a-fypp.o;gcc -DHAVE_CONFIG_H -I.  -I. -I. -I./main -I./peg -DHAVE_PACKCC  -DUSE_SYSTEM_STRNLEN   -DHAVE_REPOINFO_H  -std=gnu99 -Wall    -I/usr/local/Cellar/jansson/2.13.1/include -I/usr/local/Cellar/libyaml/0.2.5/include  -g -O2 -MT parsers/libctags_a-fypp.o -MD -MP -MF parsers/.deps/libctags_a-fypp.Tpo -c -o parsers/libctags_a-fypp.o `test -f 'parsers/fypp.c' || echo './'`parsers/fypp.c
mv -f parsers/.deps/libctags_a-fypp.Tpo parsers/.deps/libctags_a-fypp.Po
echo "  CC      " parsers/libctags_a-go.o;gcc -DHAVE_CONFIG_H -I.  -I. -I. -I./main -I./peg -DHAVE_PACKCC  -DUSE_SYSTEM_STRNLEN   -DHAVE_REPOINFO_H  -std=gnu99 -Wall    -I/usr/local/Cellar/jansson/2.13.1/include -I/usr/local/Cellar/libyaml/0.2.5/include  -g -O2 -MT parsers/libctags_a-go.o -MD -MP -MF parsers/.deps/libctags_a-go.Tpo -c -o parsers/libctags_a-go.o `test -f 'parsers/go.c' || echo './'`parsers/go.c
mv -f parsers/.deps/libctags_a-go.Tpo parsers/.deps/libctags_a-go.Po
echo "  CC      " parsers/libctags_a-haskell.o;gcc -DHAVE_CONFIG_H -I.  -I. -I. -I./main -I./peg -DHAVE_PACKCC  -DUSE_SYSTEM_STRNLEN   -DHAVE_REPOINFO_H  -std=gnu99 -Wall    -I/usr/local/Cellar/jansson/2.13.1/include -I/usr/local/Cellar/libyaml/0.2.5/include  -g -O2 -MT parsers/libctags_a-haskell.o -MD -MP -MF parsers/.deps/libctags_a-haskell.Tpo -c -o parsers/libctags_a-haskell.o `test -f 'parsers/haskell.c' || echo './'`parsers/haskell.c
mv -f parsers/.deps/libctags_a-haskell.Tpo parsers/.deps/libctags_a-haskell.Po
echo "  CC      " parsers/libctags_a-haxe.o;gcc -DHAVE_CONFIG_H -I.  -I. -I. -I./main -I./peg -DHAVE_PACKCC  -DUSE_SYSTEM_STRNLEN   -DHAVE_REPOINFO_H  -std=gnu99 -Wall    -I/usr/local/Cellar/jansson/2.13.1/include -I/usr/local/Cellar/libyaml/0.2.5/include  -g -O2 -MT parsers/libctags_a-haxe.o -MD -MP -MF parsers/.deps/libctags_a-haxe.Tpo -c -o parsers/libctags_a-haxe.o `test -f 'parsers/haxe.c' || echo './'`parsers/haxe.c
mv -f parsers/.deps/libctags_a-haxe.Tpo parsers/.deps/libctags_a-haxe.Po
echo "  CC      " parsers/libctags_a-html.o;gcc -DHAVE_CONFIG_H -I.  -I. -I. -I./main -I./peg -DHAVE_PACKCC  -DUSE_SYSTEM_STRNLEN   -DHAVE_REPOINFO_H  -std=gnu99 -Wall    -I/usr/local/Cellar/jansson/2.13.1/include -I/usr/local/Cellar/libyaml/0.2.5/include  -g -O2 -MT parsers/libctags_a-html.o -MD -MP -MF parsers/.deps/libctags_a-html.Tpo -c -o parsers/libctags_a-html.o `test -f 'parsers/html.c' || echo './'`parsers/html.c
mv -f parsers/.deps/libctags_a-html.Tpo parsers/.deps/libctags_a-html.Po
echo "  CC      " parsers/libctags_a-iniconf.o;gcc -DHAVE_CONFIG_H -I.  -I. -I. -I./main -I./peg -DHAVE_PACKCC  -DUSE_SYSTEM_STRNLEN   -DHAVE_REPOINFO_H  -std=gnu99 -Wall    -I/usr/local/Cellar/jansson/2.13.1/include -I/usr/local/Cellar/libyaml/0.2.5/include  -g -O2 -MT parsers/libctags_a-iniconf.o -MD -MP -MF parsers/.deps/libctags_a-iniconf.Tpo -c -o parsers/libctags_a-iniconf.o `test -f 'parsers/iniconf.c' || echo './'`parsers/iniconf.c
mv -f parsers/.deps/libctags_a-iniconf.Tpo parsers/.deps/libctags_a-iniconf.Po
echo "  CC      " parsers/libctags_a-itcl.o;gcc -DHAVE_CONFIG_H -I.  -I. -I. -I./main -I./peg -DHAVE_PACKCC  -DUSE_SYSTEM_STRNLEN   -DHAVE_REPOINFO_H  -std=gnu99 -Wall    -I/usr/local/Cellar/jansson/2.13.1/include -I/usr/local/Cellar/libyaml/0.2.5/include  -g -O2 -MT parsers/libctags_a-itcl.o -MD -MP -MF parsers/.deps/libctags_a-itcl.Tpo -c -o parsers/libctags_a-itcl.o `test -f 'parsers/itcl.c' || echo './'`parsers/itcl.c
mv -f parsers/.deps/libctags_a-itcl.Tpo parsers/.deps/libctags_a-itcl.Po
echo "  CC      " parsers/libctags_a-jprop.o;gcc -DHAVE_CONFIG_H -I.  -I. -I. -I./main -I./peg -DHAVE_PACKCC  -DUSE_SYSTEM_STRNLEN   -DHAVE_REPOINFO_H  -std=gnu99 -Wall    -I/usr/local/Cellar/jansson/2.13.1/include -I/usr/local/Cellar/libyaml/0.2.5/include  -g -O2 -MT parsers/libctags_a-jprop.o -MD -MP -MF parsers/.deps/libctags_a-jprop.Tpo -c -o parsers/libctags_a-jprop.o `test -f 'parsers/jprop.c' || echo './'`parsers/jprop.c
mv -f parsers/.deps/libctags_a-jprop.Tpo parsers/.deps/libctags_a-jprop.Po
echo "  CC      " parsers/libctags_a-jscript.o;gcc -DHAVE_CONFIG_H -I.  -I. -I. -I./main -I./peg -DHAVE_PACKCC  -DUSE_SYSTEM_STRNLEN   -DHAVE_REPOINFO_H  -std=gnu99 -Wall    -I/usr/local/Cellar/jansson/2.13.1/include -I/usr/local/Cellar/libyaml/0.2.5/include  -g -O2 -MT parsers/libctags_a-jscript.o -MD -MP -MF parsers/.deps/libctags_a-jscript.Tpo -c -o parsers/libctags_a-jscript.o `test -f 'parsers/jscript.c' || echo './'`parsers/jscript.c
mv -f parsers/.deps/libctags_a-jscript.Tpo parsers/.deps/libctags_a-jscript.Po
echo "  CC      " parsers/libctags_a-json.o;gcc -DHAVE_CONFIG_H -I.  -I. -I. -I./main -I./peg -DHAVE_PACKCC  -DUSE_SYSTEM_STRNLEN   -DHAVE_REPOINFO_H  -std=gnu99 -Wall    -I/usr/local/Cellar/jansson/2.13.1/include -I/usr/local/Cellar/libyaml/0.2.5/include  -g -O2 -MT parsers/libctags_a-json.o -MD -MP -MF parsers/.deps/libctags_a-json.Tpo -c -o parsers/libctags_a-json.o `test -f 'parsers/json.c' || echo './'`parsers/json.c
mv -f parsers/.deps/libctags_a-json.Tpo parsers/.deps/libctags_a-json.Po
echo "  CC      " parsers/libctags_a-julia.o;gcc -DHAVE_CONFIG_H -I.  -I. -I. -I./main -I./peg -DHAVE_PACKCC  -DUSE_SYSTEM_STRNLEN   -DHAVE_REPOINFO_H  -std=gnu99 -Wall    -I/usr/local/Cellar/jansson/2.13.1/include -I/usr/local/Cellar/libyaml/0.2.5/include  -g -O2 -MT parsers/libctags_a-julia.o -MD -MP -MF parsers/.deps/libctags_a-julia.Tpo -c -o parsers/libctags_a-julia.o `test -f 'parsers/julia.c' || echo './'`parsers/julia.c
mv -f parsers/.deps/libctags_a-julia.Tpo parsers/.deps/libctags_a-julia.Po
echo "  CC      " parsers/libctags_a-ldscript.o;gcc -DHAVE_CONFIG_H -I.  -I. -I. -I./main -I./peg -DHAVE_PACKCC  -DUSE_SYSTEM_STRNLEN   -DHAVE_REPOINFO_H  -std=gnu99 -Wall    -I/usr/local/Cellar/jansson/2.13.1/include -I/usr/local/Cellar/libyaml/0.2.5/include  -g -O2 -MT parsers/libctags_a-ldscript.o -MD -MP -MF parsers/.deps/libctags_a-ldscript.Tpo -c -o parsers/libctags_a-ldscript.o `test -f 'parsers/ldscript.c' || echo './'`parsers/ldscript.c
mv -f parsers/.deps/libctags_a-ldscript.Tpo parsers/.deps/libctags_a-ldscript.Po
echo "  CC      " parsers/libctags_a-lisp.o;gcc -DHAVE_CONFIG_H -I.  -I. -I. -I./main -I./peg -DHAVE_PACKCC  -DUSE_SYSTEM_STRNLEN   -DHAVE_REPOINFO_H  -std=gnu99 -Wall    -I/usr/local/Cellar/jansson/2.13.1/include -I/usr/local/Cellar/libyaml/0.2.5/include  -g -O2 -MT parsers/libctags_a-lisp.o -MD -MP -MF parsers/.deps/libctags_a-lisp.Tpo -c -o parsers/libctags_a-lisp.o `test -f 'parsers/lisp.c' || echo './'`parsers/lisp.c
mv -f parsers/.deps/libctags_a-lisp.Tpo parsers/.deps/libctags_a-lisp.Po
echo "  CC      " parsers/libctags_a-lua.o;gcc -DHAVE_CONFIG_H -I.  -I. -I. -I./main -I./peg -DHAVE_PACKCC  -DUSE_SYSTEM_STRNLEN   -DHAVE_REPOINFO_H  -std=gnu99 -Wall    -I/usr/local/Cellar/jansson/2.13.1/include -I/usr/local/Cellar/libyaml/0.2.5/include  -g -O2 -MT parsers/libctags_a-lua.o -MD -MP -MF parsers/.deps/libctags_a-lua.Tpo -c -o parsers/libctags_a-lua.o `test -f 'parsers/lua.c' || echo './'`parsers/lua.c
mv -f parsers/.deps/libctags_a-lua.Tpo parsers/.deps/libctags_a-lua.Po
echo "  CC      " parsers/libctags_a-m4.o;gcc -DHAVE_CONFIG_H -I.  -I. -I. -I./main -I./peg -DHAVE_PACKCC  -DUSE_SYSTEM_STRNLEN   -DHAVE_REPOINFO_H  -std=gnu99 -Wall    -I/usr/local/Cellar/jansson/2.13.1/include -I/usr/local/Cellar/libyaml/0.2.5/include  -g -O2 -MT parsers/libctags_a-m4.o -MD -MP -MF parsers/.deps/libctags_a-m4.Tpo -c -o parsers/libctags_a-m4.o `test -f 'parsers/m4.c' || echo './'`parsers/m4.c
mv -f parsers/.deps/libctags_a-m4.Tpo parsers/.deps/libctags_a-m4.Po
echo "  CC      " parsers/libctags_a-make.o;gcc -DHAVE_CONFIG_H -I.  -I. -I. -I./main -I./peg -DHAVE_PACKCC  -DUSE_SYSTEM_STRNLEN   -DHAVE_REPOINFO_H  -std=gnu99 -Wall    -I/usr/local/Cellar/jansson/2.13.1/include -I/usr/local/Cellar/libyaml/0.2.5/include  -g -O2 -MT parsers/libctags_a-make.o -MD -MP -MF parsers/.deps/libctags_a-make.Tpo -c -o parsers/libctags_a-make.o `test -f 'parsers/make.c' || echo './'`parsers/make.c
mv -f parsers/.deps/libctags_a-make.Tpo parsers/.deps/libctags_a-make.Po
echo "  CC      " parsers/libctags_a-matlab.o;gcc -DHAVE_CONFIG_H -I.  -I. -I. -I./main -I./peg -DHAVE_PACKCC  -DUSE_SYSTEM_STRNLEN   -DHAVE_REPOINFO_H  -std=gnu99 -Wall    -I/usr/local/Cellar/jansson/2.13.1/include -I/usr/local/Cellar/libyaml/0.2.5/include  -g -O2 -MT parsers/libctags_a-matlab.o -MD -MP -MF parsers/.deps/libctags_a-matlab.Tpo -c -o parsers/libctags_a-matlab.o `test -f 'parsers/matlab.c' || echo './'`parsers/matlab.c
mv -f parsers/.deps/libctags_a-matlab.Tpo parsers/.deps/libctags_a-matlab.Po
echo "  CC      " parsers/libctags_a-myrddin.o;gcc -DHAVE_CONFIG_H -I.  -I. -I. -I./main -I./peg -DHAVE_PACKCC  -DUSE_SYSTEM_STRNLEN   -DHAVE_REPOINFO_H  -std=gnu99 -Wall    -I/usr/local/Cellar/jansson/2.13.1/include -I/usr/local/Cellar/libyaml/0.2.5/include  -g -O2 -MT parsers/libctags_a-myrddin.o -MD -MP -MF parsers/.deps/libctags_a-myrddin.Tpo -c -o parsers/libctags_a-myrddin.o `test -f 'parsers/myrddin.c' || echo './'`parsers/myrddin.c
mv -f parsers/.deps/libctags_a-myrddin.Tpo parsers/.deps/libctags_a-myrddin.Po
echo "  CC      " parsers/libctags_a-nsis.o;gcc -DHAVE_CONFIG_H -I.  -I. -I. -I./main -I./peg -DHAVE_PACKCC  -DUSE_SYSTEM_STRNLEN   -DHAVE_REPOINFO_H  -std=gnu99 -Wall    -I/usr/local/Cellar/jansson/2.13.1/include -I/usr/local/Cellar/libyaml/0.2.5/include  -g -O2 -MT parsers/libctags_a-nsis.o -MD -MP -MF parsers/.deps/libctags_a-nsis.Tpo -c -o parsers/libctags_a-nsis.o `test -f 'parsers/nsis.c' || echo './'`parsers/nsis.c
mv -f parsers/.deps/libctags_a-nsis.Tpo parsers/.deps/libctags_a-nsis.Po
echo "  CC      " parsers/libctags_a-objc.o;gcc -DHAVE_CONFIG_H -I.  -I. -I. -I./main -I./peg -DHAVE_PACKCC  -DUSE_SYSTEM_STRNLEN   -DHAVE_REPOINFO_H  -std=gnu99 -Wall    -I/usr/local/Cellar/jansson/2.13.1/include -I/usr/local/Cellar/libyaml/0.2.5/include  -g -O2 -MT parsers/libctags_a-objc.o -MD -MP -MF parsers/.deps/libctags_a-objc.Tpo -c -o parsers/libctags_a-objc.o `test -f 'parsers/objc.c' || echo './'`parsers/objc.c
mv -f parsers/.deps/libctags_a-objc.Tpo parsers/.deps/libctags_a-objc.Po
echo "  CC      " parsers/libctags_a-ocaml.o;gcc -DHAVE_CONFIG_H -I.  -I. -I. -I./main -I./peg -DHAVE_PACKCC  -DUSE_SYSTEM_STRNLEN   -DHAVE_REPOINFO_H  -std=gnu99 -Wall    -I/usr/local/Cellar/jansson/2.13.1/include -I/usr/local/Cellar/libyaml/0.2.5/include  -g -O2 -MT parsers/libctags_a-ocaml.o -MD -MP -MF parsers/.deps/libctags_a-ocaml.Tpo -c -o parsers/libctags_a-ocaml.o `test -f 'parsers/ocaml.c' || echo './'`parsers/ocaml.c
mv -f parsers/.deps/libctags_a-ocaml.Tpo parsers/.deps/libctags_a-ocaml.Po
echo "  CC      " parsers/libctags_a-pascal.o;gcc -DHAVE_CONFIG_H -I.  -I. -I. -I./main -I./peg -DHAVE_PACKCC  -DUSE_SYSTEM_STRNLEN   -DHAVE_REPOINFO_H  -std=gnu99 -Wall    -I/usr/local/Cellar/jansson/2.13.1/include -I/usr/local/Cellar/libyaml/0.2.5/include  -g -O2 -MT parsers/libctags_a-pascal.o -MD -MP -MF parsers/.deps/libctags_a-pascal.Tpo -c -o parsers/libctags_a-pascal.o `test -f 'parsers/pascal.c' || echo './'`parsers/pascal.c
mv -f parsers/.deps/libctags_a-pascal.Tpo parsers/.deps/libctags_a-pascal.Po
echo "  CC      " parsers/libctags_a-perl.o;gcc -DHAVE_CONFIG_H -I.  -I. -I. -I./main -I./peg -DHAVE_PACKCC  -DUSE_SYSTEM_STRNLEN   -DHAVE_REPOINFO_H  -std=gnu99 -Wall    -I/usr/local/Cellar/jansson/2.13.1/include -I/usr/local/Cellar/libyaml/0.2.5/include  -g -O2 -MT parsers/libctags_a-perl.o -MD -MP -MF parsers/.deps/libctags_a-perl.Tpo -c -o parsers/libctags_a-perl.o `test -f 'parsers/perl.c' || echo './'`parsers/perl.c
mv -f parsers/.deps/libctags_a-perl.Tpo parsers/.deps/libctags_a-perl.Po
echo "  CC      " parsers/libctags_a-perl-function-parameters.o;gcc -DHAVE_CONFIG_H -I.  -I. -I. -I./main -I./peg -DHAVE_PACKCC  -DUSE_SYSTEM_STRNLEN   -DHAVE_REPOINFO_H  -std=gnu99 -Wall    -I/usr/local/Cellar/jansson/2.13.1/include -I/usr/local/Cellar/libyaml/0.2.5/include  -g -O2 -MT parsers/libctags_a-perl-function-parameters.o -MD -MP -MF parsers/.deps/libctags_a-perl-function-parameters.Tpo -c -o parsers/libctags_a-perl-function-parameters.o `test -f 'parsers/perl-function-parameters.c' || echo './'`parsers/perl-function-parameters.c
mv -f parsers/.deps/libctags_a-perl-function-parameters.Tpo parsers/.deps/libctags_a-perl-function-parameters.Po
echo "  CC      " parsers/libctags_a-perl-moose.o;gcc -DHAVE_CONFIG_H -I.  -I. -I. -I./main -I./peg -DHAVE_PACKCC  -DUSE_SYSTEM_STRNLEN   -DHAVE_REPOINFO_H  -std=gnu99 -Wall    -I/usr/local/Cellar/jansson/2.13.1/include -I/usr/local/Cellar/libyaml/0.2.5/include  -g -O2 -MT parsers/libctags_a-perl-moose.o -MD -MP -MF parsers/.deps/libctags_a-perl-moose.Tpo -c -o parsers/libctags_a-perl-moose.o `test -f 'parsers/perl-moose.c' || echo './'`parsers/perl-moose.c
mv -f parsers/.deps/libctags_a-perl-moose.Tpo parsers/.deps/libctags_a-perl-moose.Po
echo "  CC      " parsers/libctags_a-perl6.o;gcc -DHAVE_CONFIG_H -I.  -I. -I. -I./main -I./peg -DHAVE_PACKCC  -DUSE_SYSTEM_STRNLEN   -DHAVE_REPOINFO_H  -std=gnu99 -Wall    -I/usr/local/Cellar/jansson/2.13.1/include -I/usr/local/Cellar/libyaml/0.2.5/include  -g -O2 -MT parsers/libctags_a-perl6.o -MD -MP -MF parsers/.deps/libctags_a-perl6.Tpo -c -o parsers/libctags_a-perl6.o `test -f 'parsers/perl6.c' || echo './'`parsers/perl6.c
mv -f parsers/.deps/libctags_a-perl6.Tpo parsers/.deps/libctags_a-perl6.Po
echo "  CC      " parsers/libctags_a-php.o;gcc -DHAVE_CONFIG_H -I.  -I. -I. -I./main -I./peg -DHAVE_PACKCC  -DUSE_SYSTEM_STRNLEN   -DHAVE_REPOINFO_H  -std=gnu99 -Wall    -I/usr/local/Cellar/jansson/2.13.1/include -I/usr/local/Cellar/libyaml/0.2.5/include  -g -O2 -MT parsers/libctags_a-php.o -MD -MP -MF parsers/.deps/libctags_a-php.Tpo -c -o parsers/libctags_a-php.o `test -f 'parsers/php.c' || echo './'`parsers/php.c
mv -f parsers/.deps/libctags_a-php.Tpo parsers/.deps/libctags_a-php.Po
echo "  CC      " parsers/libctags_a-powershell.o;gcc -DHAVE_CONFIG_H -I.  -I. -I. -I./main -I./peg -DHAVE_PACKCC  -DUSE_SYSTEM_STRNLEN   -DHAVE_REPOINFO_H  -std=gnu99 -Wall    -I/usr/local/Cellar/jansson/2.13.1/include -I/usr/local/Cellar/libyaml/0.2.5/include  -g -O2 -MT parsers/libctags_a-powershell.o -MD -MP -MF parsers/.deps/libctags_a-powershell.Tpo -c -o parsers/libctags_a-powershell.o `test -f 'parsers/powershell.c' || echo './'`parsers/powershell.c
mv -f parsers/.deps/libctags_a-powershell.Tpo parsers/.deps/libctags_a-powershell.Po
echo "  CC      " parsers/libctags_a-protobuf.o;gcc -DHAVE_CONFIG_H -I.  -I. -I. -I./main -I./peg -DHAVE_PACKCC  -DUSE_SYSTEM_STRNLEN   -DHAVE_REPOINFO_H  -std=gnu99 -Wall    -I/usr/local/Cellar/jansson/2.13.1/include -I/usr/local/Cellar/libyaml/0.2.5/include  -g -O2 -MT parsers/libctags_a-protobuf.o -MD -MP -MF parsers/.deps/libctags_a-protobuf.Tpo -c -o parsers/libctags_a-protobuf.o `test -f 'parsers/protobuf.c' || echo './'`parsers/protobuf.c
mv -f parsers/.deps/libctags_a-protobuf.Tpo parsers/.deps/libctags_a-protobuf.Po
echo "  CC      " parsers/libctags_a-python.o;gcc -DHAVE_CONFIG_H -I.  -I. -I. -I./main -I./peg -DHAVE_PACKCC  -DUSE_SYSTEM_STRNLEN   -DHAVE_REPOINFO_H  -std=gnu99 -Wall    -I/usr/local/Cellar/jansson/2.13.1/include -I/usr/local/Cellar/libyaml/0.2.5/include  -g -O2 -MT parsers/libctags_a-python.o -MD -MP -MF parsers/.deps/libctags_a-python.Tpo -c -o parsers/libctags_a-python.o `test -f 'parsers/python.c' || echo './'`parsers/python.c
mv -f parsers/.deps/libctags_a-python.Tpo parsers/.deps/libctags_a-python.Po
echo "  CC      " parsers/libctags_a-pythonloggingconfig.o;gcc -DHAVE_CONFIG_H -I.  -I. -I. -I./main -I./peg -DHAVE_PACKCC  -DUSE_SYSTEM_STRNLEN   -DHAVE_REPOINFO_H  -std=gnu99 -Wall    -I/usr/local/Cellar/jansson/2.13.1/include -I/usr/local/Cellar/libyaml/0.2.5/include  -g -O2 -MT parsers/libctags_a-pythonloggingconfig.o -MD -MP -MF parsers/.deps/libctags_a-pythonloggingconfig.Tpo -c -o parsers/libctags_a-pythonloggingconfig.o `test -f 'parsers/pythonloggingconfig.c' || echo './'`parsers/pythonloggingconfig.c
mv -f parsers/.deps/libctags_a-pythonloggingconfig.Tpo parsers/.deps/libctags_a-pythonloggingconfig.Po
echo "  CC      " parsers/libctags_a-r-r6class.o;gcc -DHAVE_CONFIG_H -I.  -I. -I. -I./main -I./peg -DHAVE_PACKCC  -DUSE_SYSTEM_STRNLEN   -DHAVE_REPOINFO_H  -std=gnu99 -Wall    -I/usr/local/Cellar/jansson/2.13.1/include -I/usr/local/Cellar/libyaml/0.2.5/include  -g -O2 -MT parsers/libctags_a-r-r6class.o -MD -MP -MF parsers/.deps/libctags_a-r-r6class.Tpo -c -o parsers/libctags_a-r-r6class.o `test -f 'parsers/r-r6class.c' || echo './'`parsers/r-r6class.c
mv -f parsers/.deps/libctags_a-r-r6class.Tpo parsers/.deps/libctags_a-r-r6class.Po
echo "  CC      " parsers/libctags_a-r-s4class.o;gcc -DHAVE_CONFIG_H -I.  -I. -I. -I./main -I./peg -DHAVE_PACKCC  -DUSE_SYSTEM_STRNLEN   -DHAVE_REPOINFO_H  -std=gnu99 -Wall    -I/usr/local/Cellar/jansson/2.13.1/include -I/usr/local/Cellar/libyaml/0.2.5/include  -g -O2 -MT parsers/libctags_a-r-s4class.o -MD -MP -MF parsers/.deps/libctags_a-r-s4class.Tpo -c -o parsers/libctags_a-r-s4class.o `test -f 'parsers/r-s4class.c' || echo './'`parsers/r-s4class.c
mv -f parsers/.deps/libctags_a-r-s4class.Tpo parsers/.deps/libctags_a-r-s4class.Po
echo "  CC      " parsers/libctags_a-r.o;gcc -DHAVE_CONFIG_H -I.  -I. -I. -I./main -I./peg -DHAVE_PACKCC  -DUSE_SYSTEM_STRNLEN   -DHAVE_REPOINFO_H  -std=gnu99 -Wall    -I/usr/local/Cellar/jansson/2.13.1/include -I/usr/local/Cellar/libyaml/0.2.5/include  -g -O2 -MT parsers/libctags_a-r.o -MD -MP -MF parsers/.deps/libctags_a-r.Tpo -c -o parsers/libctags_a-r.o `test -f 'parsers/r.c' || echo './'`parsers/r.c
mv -f parsers/.deps/libctags_a-r.Tpo parsers/.deps/libctags_a-r.Po
echo "  CC      " parsers/libctags_a-rexx.o;gcc -DHAVE_CONFIG_H -I.  -I. -I. -I./main -I./peg -DHAVE_PACKCC  -DUSE_SYSTEM_STRNLEN   -DHAVE_REPOINFO_H  -std=gnu99 -Wall    -I/usr/local/Cellar/jansson/2.13.1/include -I/usr/local/Cellar/libyaml/0.2.5/include  -g -O2 -MT parsers/libctags_a-rexx.o -MD -MP -MF parsers/.deps/libctags_a-rexx.Tpo -c -o parsers/libctags_a-rexx.o `test -f 'parsers/rexx.c' || echo './'`parsers/rexx.c
mv -f parsers/.deps/libctags_a-rexx.Tpo parsers/.deps/libctags_a-rexx.Po
echo "  CC      " parsers/libctags_a-robot.o;gcc -DHAVE_CONFIG_H -I.  -I. -I. -I./main -I./peg -DHAVE_PACKCC  -DUSE_SYSTEM_STRNLEN   -DHAVE_REPOINFO_H  -std=gnu99 -Wall    -I/usr/local/Cellar/jansson/2.13.1/include -I/usr/local/Cellar/libyaml/0.2.5/include  -g -O2 -MT parsers/libctags_a-robot.o -MD -MP -MF parsers/.deps/libctags_a-robot.Tpo -c -o parsers/libctags_a-robot.o `test -f 'parsers/robot.c' || echo './'`parsers/robot.c
mv -f parsers/.deps/libctags_a-robot.Tpo parsers/.deps/libctags_a-robot.Po
echo "  CC      " parsers/libctags_a-rpmspec.o;gcc -DHAVE_CONFIG_H -I.  -I. -I. -I./main -I./peg -DHAVE_PACKCC  -DUSE_SYSTEM_STRNLEN   -DHAVE_REPOINFO_H  -std=gnu99 -Wall    -I/usr/local/Cellar/jansson/2.13.1/include -I/usr/local/Cellar/libyaml/0.2.5/include  -g -O2 -MT parsers/libctags_a-rpmspec.o -MD -MP -MF parsers/.deps/libctags_a-rpmspec.Tpo -c -o parsers/libctags_a-rpmspec.o `test -f 'parsers/rpmspec.c' || echo './'`parsers/rpmspec.c
mv -f parsers/.deps/libctags_a-rpmspec.Tpo parsers/.deps/libctags_a-rpmspec.Po
echo "  CC      " parsers/libctags_a-rst.o;gcc -DHAVE_CONFIG_H -I.  -I. -I. -I./main -I./peg -DHAVE_PACKCC  -DUSE_SYSTEM_STRNLEN   -DHAVE_REPOINFO_H  -std=gnu99 -Wall    -I/usr/local/Cellar/jansson/2.13.1/include -I/usr/local/Cellar/libyaml/0.2.5/include  -g -O2 -MT parsers/libctags_a-rst.o -MD -MP -MF parsers/.deps/libctags_a-rst.Tpo -c -o parsers/libctags_a-rst.o `test -f 'parsers/rst.c' || echo './'`parsers/rst.c
mv -f parsers/.deps/libctags_a-rst.Tpo parsers/.deps/libctags_a-rst.Po
echo "  CC      " parsers/libctags_a-ruby.o;gcc -DHAVE_CONFIG_H -I.  -I. -I. -I./main -I./peg -DHAVE_PACKCC  -DUSE_SYSTEM_STRNLEN   -DHAVE_REPOINFO_H  -std=gnu99 -Wall    -I/usr/local/Cellar/jansson/2.13.1/include -I/usr/local/Cellar/libyaml/0.2.5/include  -g -O2 -MT parsers/libctags_a-ruby.o -MD -MP -MF parsers/.deps/libctags_a-ruby.Tpo -c -o parsers/libctags_a-ruby.o `test -f 'parsers/ruby.c' || echo './'`parsers/ruby.c
mv -f parsers/.deps/libctags_a-ruby.Tpo parsers/.deps/libctags_a-ruby.Po
echo "  CC      " parsers/libctags_a-rust.o;gcc -DHAVE_CONFIG_H -I.  -I. -I. -I./main -I./peg -DHAVE_PACKCC  -DUSE_SYSTEM_STRNLEN   -DHAVE_REPOINFO_H  -std=gnu99 -Wall    -I/usr/local/Cellar/jansson/2.13.1/include -I/usr/local/Cellar/libyaml/0.2.5/include  -g -O2 -MT parsers/libctags_a-rust.o -MD -MP -MF parsers/.deps/libctags_a-rust.Tpo -c -o parsers/libctags_a-rust.o `test -f 'parsers/rust.c' || echo './'`parsers/rust.c
mv -f parsers/.deps/libctags_a-rust.Tpo parsers/.deps/libctags_a-rust.Po
echo "  CC      " parsers/libctags_a-scheme.o;gcc -DHAVE_CONFIG_H -I.  -I. -I. -I./main -I./peg -DHAVE_PACKCC  -DUSE_SYSTEM_STRNLEN   -DHAVE_REPOINFO_H  -std=gnu99 -Wall    -I/usr/local/Cellar/jansson/2.13.1/include -I/usr/local/Cellar/libyaml/0.2.5/include  -g -O2 -MT parsers/libctags_a-scheme.o -MD -MP -MF parsers/.deps/libctags_a-scheme.Tpo -c -o parsers/libctags_a-scheme.o `test -f 'parsers/scheme.c' || echo './'`parsers/scheme.c
mv -f parsers/.deps/libctags_a-scheme.Tpo parsers/.deps/libctags_a-scheme.Po
echo "  CC      " parsers/libctags_a-sh.o;gcc -DHAVE_CONFIG_H -I.  -I. -I. -I./main -I./peg -DHAVE_PACKCC  -DUSE_SYSTEM_STRNLEN   -DHAVE_REPOINFO_H  -std=gnu99 -Wall    -I/usr/local/Cellar/jansson/2.13.1/include -I/usr/local/Cellar/libyaml/0.2.5/include  -g -O2 -MT parsers/libctags_a-sh.o -MD -MP -MF parsers/.deps/libctags_a-sh.Tpo -c -o parsers/libctags_a-sh.o `test -f 'parsers/sh.c' || echo './'`parsers/sh.c
mv -f parsers/.deps/libctags_a-sh.Tpo parsers/.deps/libctags_a-sh.Po
echo "  CC      " parsers/libctags_a-slang.o;gcc -DHAVE_CONFIG_H -I.  -I. -I. -I./main -I./peg -DHAVE_PACKCC  -DUSE_SYSTEM_STRNLEN   -DHAVE_REPOINFO_H  -std=gnu99 -Wall    -I/usr/local/Cellar/jansson/2.13.1/include -I/usr/local/Cellar/libyaml/0.2.5/include  -g -O2 -MT parsers/libctags_a-slang.o -MD -MP -MF parsers/.deps/libctags_a-slang.Tpo -c -o parsers/libctags_a-slang.o `test -f 'parsers/slang.c' || echo './'`parsers/slang.c
mv -f parsers/.deps/libctags_a-slang.Tpo parsers/.deps/libctags_a-slang.Po
echo "  CC      " parsers/libctags_a-sml.o;gcc -DHAVE_CONFIG_H -I.  -I. -I. -I./main -I./peg -DHAVE_PACKCC  -DUSE_SYSTEM_STRNLEN   -DHAVE_REPOINFO_H  -std=gnu99 -Wall    -I/usr/local/Cellar/jansson/2.13.1/include -I/usr/local/Cellar/libyaml/0.2.5/include  -g -O2 -MT parsers/libctags_a-sml.o -MD -MP -MF parsers/.deps/libctags_a-sml.Tpo -c -o parsers/libctags_a-sml.o `test -f 'parsers/sml.c' || echo './'`parsers/sml.c
mv -f parsers/.deps/libctags_a-sml.Tpo parsers/.deps/libctags_a-sml.Po
echo "  CC      " parsers/libctags_a-sql.o;gcc -DHAVE_CONFIG_H -I.  -I. -I. -I./main -I./peg -DHAVE_PACKCC  -DUSE_SYSTEM_STRNLEN   -DHAVE_REPOINFO_H  -std=gnu99 -Wall    -I/usr/local/Cellar/jansson/2.13.1/include -I/usr/local/Cellar/libyaml/0.2.5/include  -g -O2 -MT parsers/libctags_a-sql.o -MD -MP -MF parsers/.deps/libctags_a-sql.Tpo -c -o parsers/libctags_a-sql.o `test -f 'parsers/sql.c' || echo './'`parsers/sql.c
mv -f parsers/.deps/libctags_a-sql.Tpo parsers/.deps/libctags_a-sql.Po
echo "  CC      " parsers/libctags_a-systemdunit.o;gcc -DHAVE_CONFIG_H -I.  -I. -I. -I./main -I./peg -DHAVE_PACKCC  -DUSE_SYSTEM_STRNLEN   -DHAVE_REPOINFO_H  -std=gnu99 -Wall    -I/usr/local/Cellar/jansson/2.13.1/include -I/usr/local/Cellar/libyaml/0.2.5/include  -g -O2 -MT parsers/libctags_a-systemdunit.o -MD -MP -MF parsers/.deps/libctags_a-systemdunit.Tpo -c -o parsers/libctags_a-systemdunit.o `test -f 'parsers/systemdunit.c' || echo './'`parsers/systemdunit.c
mv -f parsers/.deps/libctags_a-systemdunit.Tpo parsers/.deps/libctags_a-systemdunit.Po
echo "  CC      " parsers/libctags_a-tcl.o;gcc -DHAVE_CONFIG_H -I.  -I. -I. -I./main -I./peg -DHAVE_PACKCC  -DUSE_SYSTEM_STRNLEN   -DHAVE_REPOINFO_H  -std=gnu99 -Wall    -I/usr/local/Cellar/jansson/2.13.1/include -I/usr/local/Cellar/libyaml/0.2.5/include  -g -O2 -MT parsers/libctags_a-tcl.o -MD -MP -MF parsers/.deps/libctags_a-tcl.Tpo -c -o parsers/libctags_a-tcl.o `test -f 'parsers/tcl.c' || echo './'`parsers/tcl.c
mv -f parsers/.deps/libctags_a-tcl.Tpo parsers/.deps/libctags_a-tcl.Po
echo "  CC      " parsers/libctags_a-tcloo.o;gcc -DHAVE_CONFIG_H -I.  -I. -I. -I./main -I./peg -DHAVE_PACKCC  -DUSE_SYSTEM_STRNLEN   -DHAVE_REPOINFO_H  -std=gnu99 -Wall    -I/usr/local/Cellar/jansson/2.13.1/include -I/usr/local/Cellar/libyaml/0.2.5/include  -g -O2 -MT parsers/libctags_a-tcloo.o -MD -MP -MF parsers/.deps/libctags_a-tcloo.Tpo -c -o parsers/libctags_a-tcloo.o `test -f 'parsers/tcloo.c' || echo './'`parsers/tcloo.c
mv -f parsers/.deps/libctags_a-tcloo.Tpo parsers/.deps/libctags_a-tcloo.Po
echo "  CC      " parsers/libctags_a-tex.o;gcc -DHAVE_CONFIG_H -I.  -I. -I. -I./main -I./peg -DHAVE_PACKCC  -DUSE_SYSTEM_STRNLEN   -DHAVE_REPOINFO_H  -std=gnu99 -Wall    -I/usr/local/Cellar/jansson/2.13.1/include -I/usr/local/Cellar/libyaml/0.2.5/include  -g -O2 -MT parsers/libctags_a-tex.o -MD -MP -MF parsers/.deps/libctags_a-tex.Tpo -c -o parsers/libctags_a-tex.o `test -f 'parsers/tex.c' || echo './'`parsers/tex.c
mv -f parsers/.deps/libctags_a-tex.Tpo parsers/.deps/libctags_a-tex.Po
echo "  CC      " parsers/libctags_a-tex-beamer.o;gcc -DHAVE_CONFIG_H -I.  -I. -I. -I./main -I./peg -DHAVE_PACKCC  -DUSE_SYSTEM_STRNLEN   -DHAVE_REPOINFO_H  -std=gnu99 -Wall    -I/usr/local/Cellar/jansson/2.13.1/include -I/usr/local/Cellar/libyaml/0.2.5/include  -g -O2 -MT parsers/libctags_a-tex-beamer.o -MD -MP -MF parsers/.deps/libctags_a-tex-beamer.Tpo -c -o parsers/libctags_a-tex-beamer.o `test -f 'parsers/tex-beamer.c' || echo './'`parsers/tex-beamer.c
mv -f parsers/.deps/libctags_a-tex-beamer.Tpo parsers/.deps/libctags_a-tex-beamer.Po
echo "  CC      " parsers/libctags_a-ttcn.o;gcc -DHAVE_CONFIG_H -I.  -I. -I. -I./main -I./peg -DHAVE_PACKCC  -DUSE_SYSTEM_STRNLEN   -DHAVE_REPOINFO_H  -std=gnu99 -Wall    -I/usr/local/Cellar/jansson/2.13.1/include -I/usr/local/Cellar/libyaml/0.2.5/include  -g -O2 -MT parsers/libctags_a-ttcn.o -MD -MP -MF parsers/.deps/libctags_a-ttcn.Tpo -c -o parsers/libctags_a-ttcn.o `test -f 'parsers/ttcn.c' || echo './'`parsers/ttcn.c
mv -f parsers/.deps/libctags_a-ttcn.Tpo parsers/.deps/libctags_a-ttcn.Po
echo "  CC      " parsers/libctags_a-txt2tags.o;gcc -DHAVE_CONFIG_H -I.  -I. -I. -I./main -I./peg -DHAVE_PACKCC  -DUSE_SYSTEM_STRNLEN   -DHAVE_REPOINFO_H  -std=gnu99 -Wall    -I/usr/local/Cellar/jansson/2.13.1/include -I/usr/local/Cellar/libyaml/0.2.5/include  -g -O2 -MT parsers/libctags_a-txt2tags.o -MD -MP -MF parsers/.deps/libctags_a-txt2tags.Tpo -c -o parsers/libctags_a-txt2tags.o `test -f 'parsers/txt2tags.c' || echo './'`parsers/txt2tags.c
mv -f parsers/.deps/libctags_a-txt2tags.Tpo parsers/.deps/libctags_a-txt2tags.Po
echo "  CC      " parsers/libctags_a-typescript.o;gcc -DHAVE_CONFIG_H -I.  -I. -I. -I./main -I./peg -DHAVE_PACKCC  -DUSE_SYSTEM_STRNLEN   -DHAVE_REPOINFO_H  -std=gnu99 -Wall    -I/usr/local/Cellar/jansson/2.13.1/include -I/usr/local/Cellar/libyaml/0.2.5/include  -g -O2 -MT parsers/libctags_a-typescript.o -MD -MP -MF parsers/.deps/libctags_a-typescript.Tpo -c -o parsers/libctags_a-typescript.o `test -f 'parsers/typescript.c' || echo './'`parsers/typescript.c
mv -f parsers/.deps/libctags_a-typescript.Tpo parsers/.deps/libctags_a-typescript.Po
echo "  CC      " parsers/libctags_a-verilog.o;gcc -DHAVE_CONFIG_H -I.  -I. -I. -I./main -I./peg -DHAVE_PACKCC  -DUSE_SYSTEM_STRNLEN   -DHAVE_REPOINFO_H  -std=gnu99 -Wall    -I/usr/local/Cellar/jansson/2.13.1/include -I/usr/local/Cellar/libyaml/0.2.5/include  -g -O2 -MT parsers/libctags_a-verilog.o -MD -MP -MF parsers/.deps/libctags_a-verilog.Tpo -c -o parsers/libctags_a-verilog.o `test -f 'parsers/verilog.c' || echo './'`parsers/verilog.c
mv -f parsers/.deps/libctags_a-verilog.Tpo parsers/.deps/libctags_a-verilog.Po
echo "  CC      " parsers/libctags_a-vhdl.o;gcc -DHAVE_CONFIG_H -I.  -I. -I. -I./main -I./peg -DHAVE_PACKCC  -DUSE_SYSTEM_STRNLEN   -DHAVE_REPOINFO_H  -std=gnu99 -Wall    -I/usr/local/Cellar/jansson/2.13.1/include -I/usr/local/Cellar/libyaml/0.2.5/include  -g -O2 -MT parsers/libctags_a-vhdl.o -MD -MP -MF parsers/.deps/libctags_a-vhdl.Tpo -c -o parsers/libctags_a-vhdl.o `test -f 'parsers/vhdl.c' || echo './'`parsers/vhdl.c
mv -f parsers/.deps/libctags_a-vhdl.Tpo parsers/.deps/libctags_a-vhdl.Po
echo "  CC      " parsers/libctags_a-vim.o;gcc -DHAVE_CONFIG_H -I.  -I. -I. -I./main -I./peg -DHAVE_PACKCC  -DUSE_SYSTEM_STRNLEN   -DHAVE_REPOINFO_H  -std=gnu99 -Wall    -I/usr/local/Cellar/jansson/2.13.1/include -I/usr/local/Cellar/libyaml/0.2.5/include  -g -O2 -MT parsers/libctags_a-vim.o -MD -MP -MF parsers/.deps/libctags_a-vim.Tpo -c -o parsers/libctags_a-vim.o `test -f 'parsers/vim.c' || echo './'`parsers/vim.c
mv -f parsers/.deps/libctags_a-vim.Tpo parsers/.deps/libctags_a-vim.Po
echo "  CC      " parsers/libctags_a-windres.o;gcc -DHAVE_CONFIG_H -I.  -I. -I. -I./main -I./peg -DHAVE_PACKCC  -DUSE_SYSTEM_STRNLEN   -DHAVE_REPOINFO_H  -std=gnu99 -Wall    -I/usr/local/Cellar/jansson/2.13.1/include -I/usr/local/Cellar/libyaml/0.2.5/include  -g -O2 -MT parsers/libctags_a-windres.o -MD -MP -MF parsers/.deps/libctags_a-windres.Tpo -c -o parsers/libctags_a-windres.o `test -f 'parsers/windres.c' || echo './'`parsers/windres.c
mv -f parsers/.deps/libctags_a-windres.Tpo parsers/.deps/libctags_a-windres.Po
echo "  CC      " parsers/libctags_a-yacc.o;gcc -DHAVE_CONFIG_H -I.  -I. -I. -I./main -I./peg -DHAVE_PACKCC  -DUSE_SYSTEM_STRNLEN   -DHAVE_REPOINFO_H  -std=gnu99 -Wall    -I/usr/local/Cellar/jansson/2.13.1/include -I/usr/local/Cellar/libyaml/0.2.5/include  -g -O2 -MT parsers/libctags_a-yacc.o -MD -MP -MF parsers/.deps/libctags_a-yacc.Tpo -c -o parsers/libctags_a-yacc.o `test -f 'parsers/yacc.c' || echo './'`parsers/yacc.c
mv -f parsers/.deps/libctags_a-yacc.Tpo parsers/.deps/libctags_a-yacc.Po
echo "  CC      " parsers/libctags_a-yumrepo.o;gcc -DHAVE_CONFIG_H -I.  -I. -I. -I./main -I./peg -DHAVE_PACKCC  -DUSE_SYSTEM_STRNLEN   -DHAVE_REPOINFO_H  -std=gnu99 -Wall    -I/usr/local/Cellar/jansson/2.13.1/include -I/usr/local/Cellar/libyaml/0.2.5/include  -g -O2 -MT parsers/libctags_a-yumrepo.o -MD -MP -MF parsers/.deps/libctags_a-yumrepo.Tpo -c -o parsers/libctags_a-yumrepo.o `test -f 'parsers/yumrepo.c' || echo './'`parsers/yumrepo.c
mv -f parsers/.deps/libctags_a-yumrepo.Tpo parsers/.deps/libctags_a-yumrepo.Po
echo OPTLIB2C "  optlib/RSpec.c";./misc/optlib2c optlib/RSpec.ctags > optlib/RSpec.c
/usr/local/bin/gmkdir -p optlib
: > optlib/.dirstamp
/usr/local/bin/gmkdir -p optlib/.deps
: > optlib/.deps/.dirstamp
echo "  CC      " optlib/libctags_a-RSpec.o;gcc -DHAVE_CONFIG_H -I.  -I. -I. -I./main -I./peg -DHAVE_PACKCC  -DUSE_SYSTEM_STRNLEN   -DHAVE_REPOINFO_H  -std=gnu99 -Wall    -I/usr/local/Cellar/jansson/2.13.1/include -I/usr/local/Cellar/libyaml/0.2.5/include  -g -O2 -MT optlib/libctags_a-RSpec.o -MD -MP -MF optlib/.deps/libctags_a-RSpec.Tpo -c -o optlib/libctags_a-RSpec.o `test -f 'optlib/RSpec.c' || echo './'`optlib/RSpec.c
mv -f optlib/.deps/libctags_a-RSpec.Tpo optlib/.deps/libctags_a-RSpec.Po
echo OPTLIB2C "  optlib/cmake.c";./misc/optlib2c optlib/cmake.ctags > optlib/cmake.c
echo "  CC      " optlib/libctags_a-cmake.o;gcc -DHAVE_CONFIG_H -I.  -I. -I. -I./main -I./peg -DHAVE_PACKCC  -DUSE_SYSTEM_STRNLEN   -DHAVE_REPOINFO_H  -std=gnu99 -Wall    -I/usr/local/Cellar/jansson/2.13.1/include -I/usr/local/Cellar/libyaml/0.2.5/include  -g -O2 -MT optlib/libctags_a-cmake.o -MD -MP -MF optlib/.deps/libctags_a-cmake.Tpo -c -o optlib/libctags_a-cmake.o `test -f 'optlib/cmake.c' || echo './'`optlib/cmake.c
mv -f optlib/.deps/libctags_a-cmake.Tpo optlib/.deps/libctags_a-cmake.Po
echo OPTLIB2C "  optlib/ctags-optlib.c";./misc/optlib2c optlib/ctags-optlib.ctags > optlib/ctags-optlib.c
echo "  CC      " optlib/libctags_a-ctags-optlib.o;gcc -DHAVE_CONFIG_H -I.  -I. -I. -I./main -I./peg -DHAVE_PACKCC  -DUSE_SYSTEM_STRNLEN   -DHAVE_REPOINFO_H  -std=gnu99 -Wall    -I/usr/local/Cellar/jansson/2.13.1/include -I/usr/local/Cellar/libyaml/0.2.5/include  -g -O2 -MT optlib/libctags_a-ctags-optlib.o -MD -MP -MF optlib/.deps/libctags_a-ctags-optlib.Tpo -c -o optlib/libctags_a-ctags-optlib.o `test -f 'optlib/ctags-optlib.c' || echo './'`optlib/ctags-optlib.c
mv -f optlib/.deps/libctags_a-ctags-optlib.Tpo optlib/.deps/libctags_a-ctags-optlib.Po
echo OPTLIB2C "  optlib/elixir.c";./misc/optlib2c optlib/elixir.ctags > optlib/elixir.c
echo "  CC      " optlib/libctags_a-elixir.o;gcc -DHAVE_CONFIG_H -I.  -I. -I. -I./main -I./peg -DHAVE_PACKCC  -DUSE_SYSTEM_STRNLEN   -DHAVE_REPOINFO_H  -std=gnu99 -Wall    -I/usr/local/Cellar/jansson/2.13.1/include -I/usr/local/Cellar/libyaml/0.2.5/include  -g -O2 -MT optlib/libctags_a-elixir.o -MD -MP -MF optlib/.deps/libctags_a-elixir.Tpo -c -o optlib/libctags_a-elixir.o `test -f 'optlib/elixir.c' || echo './'`optlib/elixir.c
mv -f optlib/.deps/libctags_a-elixir.Tpo optlib/.deps/libctags_a-elixir.Po
echo OPTLIB2C "  optlib/elm.c";./misc/optlib2c optlib/elm.ctags > optlib/elm.c
echo "  CC      " optlib/libctags_a-elm.o;gcc -DHAVE_CONFIG_H -I.  -I. -I. -I./main -I./peg -DHAVE_PACKCC  -DUSE_SYSTEM_STRNLEN   -DHAVE_REPOINFO_H  -std=gnu99 -Wall    -I/usr/local/Cellar/jansson/2.13.1/include -I/usr/local/Cellar/libyaml/0.2.5/include  -g -O2 -MT optlib/libctags_a-elm.o -MD -MP -MF optlib/.deps/libctags_a-elm.Tpo -c -o optlib/libctags_a-elm.o `test -f 'optlib/elm.c' || echo './'`optlib/elm.c
mv -f optlib/.deps/libctags_a-elm.Tpo optlib/.deps/libctags_a-elm.Po
echo OPTLIB2C "  optlib/gdbinit.c";./misc/optlib2c optlib/gdbinit.ctags > optlib/gdbinit.c
echo "  CC      " optlib/libctags_a-gdbinit.o;gcc -DHAVE_CONFIG_H -I.  -I. -I. -I./main -I./peg -DHAVE_PACKCC  -DUSE_SYSTEM_STRNLEN   -DHAVE_REPOINFO_H  -std=gnu99 -Wall    -I/usr/local/Cellar/jansson/2.13.1/include -I/usr/local/Cellar/libyaml/0.2.5/include  -g -O2 -MT optlib/libctags_a-gdbinit.o -MD -MP -MF optlib/.deps/libctags_a-gdbinit.Tpo -c -o optlib/libctags_a-gdbinit.o `test -f 'optlib/gdbinit.c' || echo './'`optlib/gdbinit.c
mv -f optlib/.deps/libctags_a-gdbinit.Tpo optlib/.deps/libctags_a-gdbinit.Po
echo OPTLIB2C "  optlib/inko.c";./misc/optlib2c optlib/inko.ctags > optlib/inko.c
echo "  CC      " optlib/libctags_a-inko.o;gcc -DHAVE_CONFIG_H -I.  -I. -I. -I./main -I./peg -DHAVE_PACKCC  -DUSE_SYSTEM_STRNLEN   -DHAVE_REPOINFO_H  -std=gnu99 -Wall    -I/usr/local/Cellar/jansson/2.13.1/include -I/usr/local/Cellar/libyaml/0.2.5/include  -g -O2 -MT optlib/libctags_a-inko.o -MD -MP -MF optlib/.deps/libctags_a-inko.Tpo -c -o optlib/libctags_a-inko.o `test -f 'optlib/inko.c' || echo './'`optlib/inko.c
mv -f optlib/.deps/libctags_a-inko.Tpo optlib/.deps/libctags_a-inko.Po
echo OPTLIB2C "  optlib/kconfig.c";./misc/optlib2c optlib/kconfig.ctags > optlib/kconfig.c
echo "  CC      " optlib/libctags_a-kconfig.o;gcc -DHAVE_CONFIG_H -I.  -I. -I. -I./main -I./peg -DHAVE_PACKCC  -DUSE_SYSTEM_STRNLEN   -DHAVE_REPOINFO_H  -std=gnu99 -Wall    -I/usr/local/Cellar/jansson/2.13.1/include -I/usr/local/Cellar/libyaml/0.2.5/include  -g -O2 -MT optlib/libctags_a-kconfig.o -MD -MP -MF optlib/.deps/libctags_a-kconfig.Tpo -c -o optlib/libctags_a-kconfig.o `test -f 'optlib/kconfig.c' || echo './'`optlib/kconfig.c
mv -f optlib/.deps/libctags_a-kconfig.Tpo optlib/.deps/libctags_a-kconfig.Po
echo OPTLIB2C "  optlib/man.c";./misc/optlib2c optlib/man.ctags > optlib/man.c
echo "  CC      " optlib/libctags_a-man.o;gcc -DHAVE_CONFIG_H -I.  -I. -I. -I./main -I./peg -DHAVE_PACKCC  -DUSE_SYSTEM_STRNLEN   -DHAVE_REPOINFO_H  -std=gnu99 -Wall    -I/usr/local/Cellar/jansson/2.13.1/include -I/usr/local/Cellar/libyaml/0.2.5/include  -g -O2 -MT optlib/libctags_a-man.o -MD -MP -MF optlib/.deps/libctags_a-man.Tpo -c -o optlib/libctags_a-man.o `test -f 'optlib/man.c' || echo './'`optlib/man.c
mv -f optlib/.deps/libctags_a-man.Tpo optlib/.deps/libctags_a-man.Po
echo OPTLIB2C "  optlib/markdown.c";./misc/optlib2c optlib/markdown.ctags > optlib/markdown.c
echo "  CC      " optlib/libctags_a-markdown.o;gcc -DHAVE_CONFIG_H -I.  -I. -I. -I./main -I./peg -DHAVE_PACKCC  -DUSE_SYSTEM_STRNLEN   -DHAVE_REPOINFO_H  -std=gnu99 -Wall    -I/usr/local/Cellar/jansson/2.13.1/include -I/usr/local/Cellar/libyaml/0.2.5/include  -g -O2 -MT optlib/libctags_a-markdown.o -MD -MP -MF optlib/.deps/libctags_a-markdown.Tpo -c -o optlib/libctags_a-markdown.o `test -f 'optlib/markdown.c' || echo './'`optlib/markdown.c
mv -f optlib/.deps/libctags_a-markdown.Tpo optlib/.deps/libctags_a-markdown.Po
echo OPTLIB2C "  optlib/meson.c";./misc/optlib2c optlib/meson.ctags > optlib/meson.c
echo "  CC      " optlib/libctags_a-meson.o;gcc -DHAVE_CONFIG_H -I.  -I. -I. -I./main -I./peg -DHAVE_PACKCC  -DUSE_SYSTEM_STRNLEN   -DHAVE_REPOINFO_H  -std=gnu99 -Wall    -I/usr/local/Cellar/jansson/2.13.1/include -I/usr/local/Cellar/libyaml/0.2.5/include  -g -O2 -MT optlib/libctags_a-meson.o -MD -MP -MF optlib/.deps/libctags_a-meson.Tpo -c -o optlib/libctags_a-meson.o `test -f 'optlib/meson.c' || echo './'`optlib/meson.c
mv -f optlib/.deps/libctags_a-meson.Tpo optlib/.deps/libctags_a-meson.Po
echo OPTLIB2C "  optlib/passwd.c";./misc/optlib2c optlib/passwd.ctags > optlib/passwd.c
echo "  CC      " optlib/libctags_a-passwd.o;gcc -DHAVE_CONFIG_H -I.  -I. -I. -I./main -I./peg -DHAVE_PACKCC  -DUSE_SYSTEM_STRNLEN   -DHAVE_REPOINFO_H  -std=gnu99 -Wall    -I/usr/local/Cellar/jansson/2.13.1/include -I/usr/local/Cellar/libyaml/0.2.5/include  -g -O2 -MT optlib/libctags_a-passwd.o -MD -MP -MF optlib/.deps/libctags_a-passwd.Tpo -c -o optlib/libctags_a-passwd.o `test -f 'optlib/passwd.c' || echo './'`optlib/passwd.c
mv -f optlib/.deps/libctags_a-passwd.Tpo optlib/.deps/libctags_a-passwd.Po
echo OPTLIB2C "  optlib/pod.c";./misc/optlib2c optlib/pod.ctags > optlib/pod.c
echo "  CC      " optlib/libctags_a-pod.o;gcc -DHAVE_CONFIG_H -I.  -I. -I. -I./main -I./peg -DHAVE_PACKCC  -DUSE_SYSTEM_STRNLEN   -DHAVE_REPOINFO_H  -std=gnu99 -Wall    -I/usr/local/Cellar/jansson/2.13.1/include -I/usr/local/Cellar/libyaml/0.2.5/include  -g -O2 -MT optlib/libctags_a-pod.o -MD -MP -MF optlib/.deps/libctags_a-pod.Tpo -c -o optlib/libctags_a-pod.o `test -f 'optlib/pod.c' || echo './'`optlib/pod.c
mv -f optlib/.deps/libctags_a-pod.Tpo optlib/.deps/libctags_a-pod.Po
echo OPTLIB2C "  optlib/qemuhx.c";./misc/optlib2c optlib/qemuhx.ctags > optlib/qemuhx.c
echo "  CC      " optlib/libctags_a-qemuhx.o;gcc -DHAVE_CONFIG_H -I.  -I. -I. -I./main -I./peg -DHAVE_PACKCC  -DUSE_SYSTEM_STRNLEN   -DHAVE_REPOINFO_H  -std=gnu99 -Wall    -I/usr/local/Cellar/jansson/2.13.1/include -I/usr/local/Cellar/libyaml/0.2.5/include  -g -O2 -MT optlib/libctags_a-qemuhx.o -MD -MP -MF optlib/.deps/libctags_a-qemuhx.Tpo -c -o optlib/libctags_a-qemuhx.o `test -f 'optlib/qemuhx.c' || echo './'`optlib/qemuhx.c
mv -f optlib/.deps/libctags_a-qemuhx.Tpo optlib/.deps/libctags_a-qemuhx.Po
echo OPTLIB2C "  optlib/puppetManifest.c";./misc/optlib2c optlib/puppetManifest.ctags > optlib/puppetManifest.c
echo "  CC      " optlib/libctags_a-puppetManifest.o;gcc -DHAVE_CONFIG_H -I.  -I. -I. -I./main -I./peg -DHAVE_PACKCC  -DUSE_SYSTEM_STRNLEN   -DHAVE_REPOINFO_H  -std=gnu99 -Wall    -I/usr/local/Cellar/jansson/2.13.1/include -I/usr/local/Cellar/libyaml/0.2.5/include  -g -O2 -MT optlib/libctags_a-puppetManifest.o -MD -MP -MF optlib/.deps/libctags_a-puppetManifest.Tpo -c -o optlib/libctags_a-puppetManifest.o `test -f 'optlib/puppetManifest.c' || echo './'`optlib/puppetManifest.c
mv -f optlib/.deps/libctags_a-puppetManifest.Tpo optlib/.deps/libctags_a-puppetManifest.Po
echo OPTLIB2C "  optlib/scss.c";./misc/optlib2c optlib/scss.ctags > optlib/scss.c
echo "  CC      " optlib/libctags_a-scss.o;gcc -DHAVE_CONFIG_H -I.  -I. -I. -I./main -I./peg -DHAVE_PACKCC  -DUSE_SYSTEM_STRNLEN   -DHAVE_REPOINFO_H  -std=gnu99 -Wall    -I/usr/local/Cellar/jansson/2.13.1/include -I/usr/local/Cellar/libyaml/0.2.5/include  -g -O2 -MT optlib/libctags_a-scss.o -MD -MP -MF optlib/.deps/libctags_a-scss.Tpo -c -o optlib/libctags_a-scss.o `test -f 'optlib/scss.c' || echo './'`optlib/scss.c
mv -f optlib/.deps/libctags_a-scss.Tpo optlib/.deps/libctags_a-scss.Po
echo OPTLIB2C "  optlib/systemtap.c";./misc/optlib2c optlib/systemtap.ctags > optlib/systemtap.c
echo "  CC      " optlib/libctags_a-systemtap.o;gcc -DHAVE_CONFIG_H -I.  -I. -I. -I./main -I./peg -DHAVE_PACKCC  -DUSE_SYSTEM_STRNLEN   -DHAVE_REPOINFO_H  -std=gnu99 -Wall    -I/usr/local/Cellar/jansson/2.13.1/include -I/usr/local/Cellar/libyaml/0.2.5/include  -g -O2 -MT optlib/libctags_a-systemtap.o -MD -MP -MF optlib/.deps/libctags_a-systemtap.Tpo -c -o optlib/libctags_a-systemtap.o `test -f 'optlib/systemtap.c' || echo './'`optlib/systemtap.c
mv -f optlib/.deps/libctags_a-systemtap.Tpo optlib/.deps/libctags_a-systemtap.Po
echo "  CC      " parsers/libctags_a-maven2.o;gcc -DHAVE_CONFIG_H -I.  -I. -I. -I./main -I./peg -DHAVE_PACKCC  -DUSE_SYSTEM_STRNLEN   -DHAVE_REPOINFO_H  -std=gnu99 -Wall    -I/usr/local/Cellar/jansson/2.13.1/include -I/usr/local/Cellar/libyaml/0.2.5/include  -g -O2 -MT parsers/libctags_a-maven2.o -MD -MP -MF parsers/.deps/libctags_a-maven2.Tpo -c -o parsers/libctags_a-maven2.o `test -f 'parsers/maven2.c' || echo './'`parsers/maven2.c
mv -f parsers/.deps/libctags_a-maven2.Tpo parsers/.deps/libctags_a-maven2.Po
echo "  CC      " parsers/libctags_a-dbusintrospect.o;gcc -DHAVE_CONFIG_H -I.  -I. -I. -I./main -I./peg -DHAVE_PACKCC  -DUSE_SYSTEM_STRNLEN   -DHAVE_REPOINFO_H  -std=gnu99 -Wall    -I/usr/local/Cellar/jansson/2.13.1/include -I/usr/local/Cellar/libyaml/0.2.5/include  -g -O2 -MT parsers/libctags_a-dbusintrospect.o -MD -MP -MF parsers/.deps/libctags_a-dbusintrospect.Tpo -c -o parsers/libctags_a-dbusintrospect.o `test -f 'parsers/dbusintrospect.c' || echo './'`parsers/dbusintrospect.c
mv -f parsers/.deps/libctags_a-dbusintrospect.Tpo parsers/.deps/libctags_a-dbusintrospect.Po
echo "  CC      " parsers/libctags_a-glade.o;gcc -DHAVE_CONFIG_H -I.  -I. -I. -I./main -I./peg -DHAVE_PACKCC  -DUSE_SYSTEM_STRNLEN   -DHAVE_REPOINFO_H  -std=gnu99 -Wall    -I/usr/local/Cellar/jansson/2.13.1/include -I/usr/local/Cellar/libyaml/0.2.5/include  -g -O2 -MT parsers/libctags_a-glade.o -MD -MP -MF parsers/.deps/libctags_a-glade.Tpo -c -o parsers/libctags_a-glade.o `test -f 'parsers/glade.c' || echo './'`parsers/glade.c
mv -f parsers/.deps/libctags_a-glade.Tpo parsers/.deps/libctags_a-glade.Po
echo "  CC      " parsers/libctags_a-svg.o;gcc -DHAVE_CONFIG_H -I.  -I. -I. -I./main -I./peg -DHAVE_PACKCC  -DUSE_SYSTEM_STRNLEN   -DHAVE_REPOINFO_H  -std=gnu99 -Wall    -I/usr/local/Cellar/jansson/2.13.1/include -I/usr/local/Cellar/libyaml/0.2.5/include  -g -O2 -MT parsers/libctags_a-svg.o -MD -MP -MF parsers/.deps/libctags_a-svg.Tpo -c -o parsers/libctags_a-svg.o `test -f 'parsers/svg.c' || echo './'`parsers/svg.c
mv -f parsers/.deps/libctags_a-svg.Tpo parsers/.deps/libctags_a-svg.Po
echo "  CC      " parsers/libctags_a-plist.o;gcc -DHAVE_CONFIG_H -I.  -I. -I. -I./main -I./peg -DHAVE_PACKCC  -DUSE_SYSTEM_STRNLEN   -DHAVE_REPOINFO_H  -std=gnu99 -Wall    -I/usr/local/Cellar/jansson/2.13.1/include -I/usr/local/Cellar/libyaml/0.2.5/include  -g -O2 -MT parsers/libctags_a-plist.o -MD -MP -MF parsers/.deps/libctags_a-plist.Tpo -c -o parsers/libctags_a-plist.o `test -f 'parsers/plist.c' || echo './'`parsers/plist.c
mv -f parsers/.deps/libctags_a-plist.Tpo parsers/.deps/libctags_a-plist.Po
echo "  CC      " parsers/libctags_a-relaxng.o;gcc -DHAVE_CONFIG_H -I.  -I. -I. -I./main -I./peg -DHAVE_PACKCC  -DUSE_SYSTEM_STRNLEN   -DHAVE_REPOINFO_H  -std=gnu99 -Wall    -I/usr/local/Cellar/jansson/2.13.1/include -I/usr/local/Cellar/libyaml/0.2.5/include  -g -O2 -MT parsers/libctags_a-relaxng.o -MD -MP -MF parsers/.deps/libctags_a-relaxng.Tpo -c -o parsers/libctags_a-relaxng.o `test -f 'parsers/relaxng.c' || echo './'`parsers/relaxng.c
mv -f parsers/.deps/libctags_a-relaxng.Tpo parsers/.deps/libctags_a-relaxng.Po
echo "  CC      " parsers/libctags_a-xml.o;gcc -DHAVE_CONFIG_H -I.  -I. -I. -I./main -I./peg -DHAVE_PACKCC  -DUSE_SYSTEM_STRNLEN   -DHAVE_REPOINFO_H  -std=gnu99 -Wall    -I/usr/local/Cellar/jansson/2.13.1/include -I/usr/local/Cellar/libyaml/0.2.5/include  -g -O2 -MT parsers/libctags_a-xml.o -MD -MP -MF parsers/.deps/libctags_a-xml.Tpo -c -o parsers/libctags_a-xml.o `test -f 'parsers/xml.c' || echo './'`parsers/xml.c
mv -f parsers/.deps/libctags_a-xml.Tpo parsers/.deps/libctags_a-xml.Po
echo "  CC      " parsers/libctags_a-xslt.o;gcc -DHAVE_CONFIG_H -I.  -I. -I. -I./main -I./peg -DHAVE_PACKCC  -DUSE_SYSTEM_STRNLEN   -DHAVE_REPOINFO_H  -std=gnu99 -Wall    -I/usr/local/Cellar/jansson/2.13.1/include -I/usr/local/Cellar/libyaml/0.2.5/include  -g -O2 -MT parsers/libctags_a-xslt.o -MD -MP -MF parsers/.deps/libctags_a-xslt.Tpo -c -o parsers/libctags_a-xslt.o `test -f 'parsers/xslt.c' || echo './'`parsers/xslt.c
mv -f parsers/.deps/libctags_a-xslt.Tpo parsers/.deps/libctags_a-xslt.Po
echo "  CC      " parsers/libctags_a-yaml.o;gcc -DHAVE_CONFIG_H -I.  -I. -I. -I./main -I./peg -DHAVE_PACKCC  -DUSE_SYSTEM_STRNLEN   -DHAVE_REPOINFO_H  -std=gnu99 -Wall    -I/usr/local/Cellar/jansson/2.13.1/include -I/usr/local/Cellar/libyaml/0.2.5/include  -g -O2 -MT parsers/libctags_a-yaml.o -MD -MP -MF parsers/.deps/libctags_a-yaml.Tpo -c -o parsers/libctags_a-yaml.o `test -f 'parsers/yaml.c' || echo './'`parsers/yaml.c
mv -f parsers/.deps/libctags_a-yaml.Tpo parsers/.deps/libctags_a-yaml.Po
echo "  CC      " parsers/libctags_a-ansibleplaybook.o;gcc -DHAVE_CONFIG_H -I.  -I. -I. -I./main -I./peg -DHAVE_PACKCC  -DUSE_SYSTEM_STRNLEN   -DHAVE_REPOINFO_H  -std=gnu99 -Wall    -I/usr/local/Cellar/jansson/2.13.1/include -I/usr/local/Cellar/libyaml/0.2.5/include  -g -O2 -MT parsers/libctags_a-ansibleplaybook.o -MD -MP -MF parsers/.deps/libctags_a-ansibleplaybook.Tpo -c -o parsers/libctags_a-ansibleplaybook.o `test -f 'parsers/ansibleplaybook.c' || echo './'`parsers/ansibleplaybook.c
mv -f parsers/.deps/libctags_a-ansibleplaybook.Tpo parsers/.deps/libctags_a-ansibleplaybook.Po
echo "  CC      " main/libctags_a-debug.o;gcc -DHAVE_CONFIG_H -I.  -I. -I. -I./main -I./peg -DHAVE_PACKCC  -DUSE_SYSTEM_STRNLEN   -DHAVE_REPOINFO_H  -std=gnu99 -Wall    -I/usr/local/Cellar/jansson/2.13.1/include -I/usr/local/Cellar/libyaml/0.2.5/include  -g -O2 -MT main/libctags_a-debug.o -MD -MP -MF main/.deps/libctags_a-debug.Tpo -c -o main/libctags_a-debug.o `test -f 'main/debug.c' || echo './'`main/debug.c
mv -f main/.deps/libctags_a-debug.Tpo main/.deps/libctags_a-debug.Po
echo CC4BUILD "  packcc";gcc -g -O2  -DPCC_USE_SYSTEM_STRNLEN  -o packcc ./misc/packcc/src/packcc.c
echo PACKCC "    peg/varlink.c";./packcc -o ./peg/varlink "peg/varlink.peg"
/usr/local/bin/gmkdir -p peg
: > peg/.dirstamp
/usr/local/bin/gmkdir -p peg/.deps
: > peg/.deps/.dirstamp
echo "  CC      " peg/libctags_a-varlink.o;gcc -DHAVE_CONFIG_H -I.  -I. -I. -I./main -I./peg -DHAVE_PACKCC  -DUSE_SYSTEM_STRNLEN   -DHAVE_REPOINFO_H  -std=gnu99 -Wall    -I/usr/local/Cellar/jansson/2.13.1/include -I/usr/local/Cellar/libyaml/0.2.5/include  -g -O2 -MT peg/libctags_a-varlink.o -MD -MP -MF peg/.deps/libctags_a-varlink.Tpo -c -o peg/libctags_a-varlink.o `test -f 'peg/varlink.c' || echo './'`peg/varlink.c
mv -f peg/.deps/libctags_a-varlink.Tpo peg/.deps/libctags_a-varlink.Po
echo PACKCC "    peg/kotlin.c";./packcc -o ./peg/kotlin "peg/kotlin.peg"
echo "  CC      " peg/libctags_a-kotlin.o;gcc -DHAVE_CONFIG_H -I.  -I. -I. -I./main -I./peg -DHAVE_PACKCC  -DUSE_SYSTEM_STRNLEN   -DHAVE_REPOINFO_H  -std=gnu99 -Wall    -I/usr/local/Cellar/jansson/2.13.1/include -I/usr/local/Cellar/libyaml/0.2.5/include  -g -O2 -MT peg/libctags_a-kotlin.o -MD -MP -MF peg/.deps/libctags_a-kotlin.Tpo -c -o peg/libctags_a-kotlin.o `test -f 'peg/kotlin.c' || echo './'`peg/kotlin.c
mv -f peg/.deps/libctags_a-kotlin.Tpo peg/.deps/libctags_a-kotlin.Po
rm -f libctags.a
echo "  AR      " libctags.a;ar cru libctags.a            main/libctags_a-args.o main/libctags_a-colprint.o main/libctags_a-dependency.o main/libctags_a-entry.o main/libctags_a-entry_private.o main/libctags_a-error.o main/libctags_a-field.o main/libctags_a-flags.o main/libctags_a-fmt.o main/libctags_a-htable.o main/libctags_a-keyword.o main/libctags_a-kind.o main/libctags_a-lregex.o main/libctags_a-lxpath.o main/libctags_a-main.o main/libctags_a-mbcs.o main/libctags_a-nestlevel.o main/libctags_a-numarray.o main/libctags_a-objpool.o main/libctags_a-options.o main/libctags_a-param.o main/libctags_a-parse.o main/libctags_a-portable-scandir.o main/libctags_a-promise.o main/libctags_a-ptag.o main/libctags_a-ptrarray.o main/libctags_a-rbtree.o main/libctags_a-read.o main/libctags_a-routines.o main/libctags_a-seccomp.o main/libctags_a-selectors.o main/libctags_a-sort.o main/libctags_a-stats.o main/libctags_a-strlist.o main/libctags_a-trace.o main/libctags_a-trashbox.o main/libctags_a-tokeninfo.o main/libctags_a-unwindi.o main/libctags_a-vstring.o main/libctags_a-writer.o main/libctags_a-writer-etags.o main/libctags_a-writer-ctags.o main/libctags_a-writer-json.o main/libctags_a-writer-xref.o main/libctags_a-xtag.o main/libctags_a-repoinfo.o main/libctags_a-mio.o    parsers/libctags_a-abaqus.o parsers/libctags_a-abc.o parsers/libctags_a-ada.o parsers/libctags_a-ant.o parsers/libctags_a-asciidoc.o parsers/libctags_a-asm.o parsers/libctags_a-asp.o parsers/libctags_a-autoconf.o parsers/libctags_a-autoit.o parsers/libctags_a-automake.o parsers/libctags_a-awk.o parsers/libctags_a-basic.o parsers/libctags_a-beta.o parsers/libctags_a-bibtex.o parsers/libctags_a-c.o parsers/libctags_a-clojure.o parsers/libctags_a-css.o parsers/libctags_a-cobol.o parsers/libctags_a-cpreprocessor.o parsers/cxx/libctags_a-cxx.o parsers/cxx/libctags_a-cxx_debug.o parsers/cxx/libctags_a-cxx_debug_type.o parsers/cxx/libctags_a-cxx_keyword.o parsers/cxx/libctags_a-cxx_parser.o parsers/cxx/libctags_a-cxx_parser_block.o parsers/cxx/libctags_a-cxx_parser_function.o parsers/cxx/libctags_a-cxx_parser_lambda.o parsers/cxx/libctags_a-cxx_parser_namespace.o parsers/cxx/libctags_a-cxx_parser_template.o parsers/cxx/libctags_a-cxx_parser_tokenizer.o parsers/cxx/libctags_a-cxx_parser_typedef.o parsers/cxx/libctags_a-cxx_parser_using.o parsers/cxx/libctags_a-cxx_parser_variable.o parsers/cxx/libctags_a-cxx_subparser.o parsers/cxx/libctags_a-cxx_qtmoc.o parsers/cxx/libctags_a-cxx_scope.o parsers/cxx/libctags_a-cxx_tag.o parsers/cxx/libctags_a-cxx_token.o parsers/cxx/libctags_a-cxx_token_chain.o parsers/libctags_a-diff.o parsers/libctags_a-dosbatch.o parsers/libctags_a-dtd.o parsers/libctags_a-dts.o parsers/libctags_a-eiffel.o parsers/libctags_a-erlang.o parsers/libctags_a-falcon.o parsers/libctags_a-flex.o parsers/libctags_a-fortran.o parsers/libctags_a-fypp.o parsers/libctags_a-go.o parsers/libctags_a-haskell.o parsers/libctags_a-haxe.o parsers/libctags_a-html.o parsers/libctags_a-iniconf.o parsers/libctags_a-itcl.o parsers/libctags_a-jprop.o parsers/libctags_a-jscript.o parsers/libctags_a-json.o parsers/libctags_a-julia.o parsers/libctags_a-ldscript.o parsers/libctags_a-lisp.o parsers/libctags_a-lua.o parsers/libctags_a-m4.o parsers/libctags_a-make.o parsers/libctags_a-matlab.o parsers/libctags_a-myrddin.o parsers/libctags_a-nsis.o parsers/libctags_a-objc.o parsers/libctags_a-ocaml.o parsers/libctags_a-pascal.o parsers/libctags_a-perl.o parsers/libctags_a-perl-function-parameters.o parsers/libctags_a-perl-moose.o parsers/libctags_a-perl6.o parsers/libctags_a-php.o parsers/libctags_a-powershell.o parsers/libctags_a-protobuf.o parsers/libctags_a-python.o parsers/libctags_a-pythonloggingconfig.o parsers/libctags_a-r-r6class.o parsers/libctags_a-r-s4class.o parsers/libctags_a-r.o parsers/libctags_a-rexx.o parsers/libctags_a-robot.o parsers/libctags_a-rpmspec.o parsers/libctags_a-rst.o parsers/libctags_a-ruby.o parsers/libctags_a-rust.o parsers/libctags_a-scheme.o parsers/libctags_a-sh.o parsers/libctags_a-slang.o parsers/libctags_a-sml.o parsers/libctags_a-sql.o parsers/libctags_a-systemdunit.o parsers/libctags_a-tcl.o parsers/libctags_a-tcloo.o parsers/libctags_a-tex.o parsers/libctags_a-tex-beamer.o parsers/libctags_a-ttcn.o parsers/libctags_a-txt2tags.o parsers/libctags_a-typescript.o parsers/libctags_a-verilog.o parsers/libctags_a-vhdl.o parsers/libctags_a-vim.o parsers/libctags_a-windres.o parsers/libctags_a-yacc.o parsers/libctags_a-yumrepo.o optlib/libctags_a-RSpec.o optlib/libctags_a-cmake.o optlib/libctags_a-ctags-optlib.o optlib/libctags_a-elixir.o optlib/libctags_a-elm.o optlib/libctags_a-gdbinit.o optlib/libctags_a-inko.o optlib/libctags_a-kconfig.o optlib/libctags_a-man.o optlib/libctags_a-markdown.o optlib/libctags_a-meson.o optlib/libctags_a-passwd.o optlib/libctags_a-pod.o optlib/libctags_a-qemuhx.o optlib/libctags_a-puppetManifest.o optlib/libctags_a-scss.o optlib/libctags_a-systemtap.o parsers/libctags_a-maven2.o parsers/libctags_a-dbusintrospect.o parsers/libctags_a-glade.o parsers/libctags_a-svg.o parsers/libctags_a-plist.o parsers/libctags_a-relaxng.o parsers/libctags_a-xml.o parsers/libctags_a-xslt.o parsers/libctags_a-yaml.o parsers/libctags_a-ansibleplaybook.o main/libctags_a-debug.o  peg/libctags_a-varlink.o peg/libctags_a-kotlin.o  
ranlib libctags.a
rm -f ctags
echo "  CCLD    " ctags;gcc -std=gnu99 -Wall    -I/usr/local/Cellar/jansson/2.13.1/include -I/usr/local/Cellar/libyaml/0.2.5/include  -g -O2   -o ctags  main/ctags-cmd.o libctags.a -lxml2 -L/usr/local/Cellar/jansson/2.13.1/lib -ljansson -L/usr/local/Cellar/libyaml/0.2.5/lib -lyaml  -liconv  
/usr/local/bin/gmkdir -p libreadtags
: > libreadtags/.dirstamp
/usr/local/bin/gmkdir -p libreadtags/.deps
: > libreadtags/.deps/.dirstamp
echo "  CC      " libreadtags/readtags-readtags.o;gcc -DHAVE_CONFIG_H -I.  -I. -I. -I./main -I./libreadtags -DREADTAGS_DSL -I./dsl    -Wall -g -O2 -MT libreadtags/readtags-readtags.o -MD -MP -MF libreadtags/.deps/readtags-readtags.Tpo -c -o libreadtags/readtags-readtags.o `test -f 'libreadtags/readtags.c' || echo './'`libreadtags/readtags.c
mv -f libreadtags/.deps/readtags-readtags.Tpo libreadtags/.deps/readtags-readtags.Po
/usr/local/bin/gmkdir -p extra-cmds
: > extra-cmds/.dirstamp
/usr/local/bin/gmkdir -p extra-cmds/.deps
: > extra-cmds/.deps/.dirstamp
echo "  CC      " extra-cmds/readtags-printtags.o;gcc -DHAVE_CONFIG_H -I.  -I. -I. -I./main -I./libreadtags -DREADTAGS_DSL -I./dsl    -Wall -g -O2 -MT extra-cmds/readtags-printtags.o -MD -MP -MF extra-cmds/.deps/readtags-printtags.Tpo -c -o extra-cmds/readtags-printtags.o `test -f 'extra-cmds/printtags.c' || echo './'`extra-cmds/printtags.c
mv -f extra-cmds/.deps/readtags-printtags.Tpo extra-cmds/.deps/readtags-printtags.Po
echo "  CC      " extra-cmds/readtags-readtags-cmd.o;gcc -DHAVE_CONFIG_H -I.  -I. -I. -I./main -I./libreadtags -DREADTAGS_DSL -I./dsl    -Wall -g -O2 -MT extra-cmds/readtags-readtags-cmd.o -MD -MP -MF extra-cmds/.deps/readtags-readtags-cmd.Tpo -c -o extra-cmds/readtags-readtags-cmd.o `test -f 'extra-cmds/readtags-cmd.c' || echo './'`extra-cmds/readtags-cmd.c
mv -f extra-cmds/.deps/readtags-readtags-cmd.Tpo extra-cmds/.deps/readtags-readtags-cmd.Po
/usr/local/bin/gmkdir -p dsl
: > dsl/.dirstamp
/usr/local/bin/gmkdir -p dsl/.deps
: > dsl/.deps/.dirstamp
echo "  CC      " dsl/readtags-es.o;gcc -DHAVE_CONFIG_H -I.  -I. -I. -I./main -I./libreadtags -DREADTAGS_DSL -I./dsl    -Wall -g -O2 -MT dsl/readtags-es.o -MD -MP -MF dsl/.deps/readtags-es.Tpo -c -o dsl/readtags-es.o `test -f 'dsl/es.c' || echo './'`dsl/es.c
mv -f dsl/.deps/readtags-es.Tpo dsl/.deps/readtags-es.Po
echo "  CC      " dsl/readtags-dsl.o;gcc -DHAVE_CONFIG_H -I.  -I. -I. -I./main -I./libreadtags -DREADTAGS_DSL -I./dsl    -Wall -g -O2 -MT dsl/readtags-dsl.o -MD -MP -MF dsl/.deps/readtags-dsl.Tpo -c -o dsl/readtags-dsl.o `test -f 'dsl/dsl.c' || echo './'`dsl/dsl.c
mv -f dsl/.deps/readtags-dsl.Tpo dsl/.deps/readtags-dsl.Po
echo "  CC      " dsl/readtags-qualifier.o;gcc -DHAVE_CONFIG_H -I.  -I. -I. -I./main -I./libreadtags -DREADTAGS_DSL -I./dsl    -Wall -g -O2 -MT dsl/readtags-qualifier.o -MD -MP -MF dsl/.deps/readtags-qualifier.Tpo -c -o dsl/readtags-qualifier.o `test -f 'dsl/qualifier.c' || echo './'`dsl/qualifier.c
mv -f dsl/.deps/readtags-qualifier.Tpo dsl/.deps/readtags-qualifier.Po
echo "  CC      " dsl/readtags-sorter.o;gcc -DHAVE_CONFIG_H -I.  -I. -I. -I./main -I./libreadtags -DREADTAGS_DSL -I./dsl    -Wall -g -O2 -MT dsl/readtags-sorter.o -MD -MP -MF dsl/.deps/readtags-sorter.Tpo -c -o dsl/readtags-sorter.o `test -f 'dsl/sorter.c' || echo './'`dsl/sorter.c
mv -f dsl/.deps/readtags-sorter.Tpo dsl/.deps/readtags-sorter.Po
echo "  CC      " main/readtags-mio.o;gcc -DHAVE_CONFIG_H -I.  -I. -I. -I./main -I./libreadtags -DREADTAGS_DSL -I./dsl    -Wall -g -O2 -MT main/readtags-mio.o -MD -MP -MF main/.deps/readtags-mio.Tpo -c -o main/readtags-mio.o `test -f 'main/mio.c' || echo './'`main/mio.c
mv -f main/.deps/readtags-mio.Tpo main/.deps/readtags-mio.Po
rm -f readtags
echo "  CCLD    " readtags;gcc  -Wall -g -O2   -o readtags libreadtags/readtags-readtags.o extra-cmds/readtags-printtags.o extra-cmds/readtags-readtags-cmd.o  dsl/readtags-es.o dsl/readtags-dsl.o dsl/readtags-qualifier.o dsl/readtags-sorter.o main/readtags-mio.o    
echo "  CC      " main/mini_geany-mini-geany.o;gcc -DHAVE_CONFIG_H -I.  -I. -I. -I./main -I./peg -DHAVE_PACKCC  -DUSE_SYSTEM_STRNLEN   -DHAVE_REPOINFO_H  -std=gnu99 -Wall    -I/usr/local/Cellar/jansson/2.13.1/include -I/usr/local/Cellar/libyaml/0.2.5/include  -g -O2 -MT main/mini_geany-mini-geany.o -MD -MP -MF main/.deps/mini_geany-mini-geany.Tpo -c -o main/mini_geany-mini-geany.o `test -f 'main/mini-geany.c' || echo './'`main/mini-geany.c
mv -f main/.deps/mini_geany-mini-geany.Tpo main/.deps/mini_geany-mini-geany.Po
rm -f mini-geany
echo "  CCLD    " mini-geany;gcc -std=gnu99 -Wall    -I/usr/local/Cellar/jansson/2.13.1/include -I/usr/local/Cellar/libyaml/0.2.5/include  -g -O2   -o mini-geany  main/mini_geany-mini-geany.o libctags.a -lxml2 -L/usr/local/Cellar/jansson/2.13.1/lib -ljansson -L/usr/local/Cellar/libyaml/0.2.5/lib -lyaml  -liconv 
